2017-03-17 09:10:35 Notice: Notice (8): Undefined index: PageLocale in [/var/www/html/pida.com/public_html/app/View/Home/index.ctp, line 174]
Trace:
include - APP/View/Home/index.ctp, line 174
View::_evaluate() - CORE/Cake/View/View.php, line 935
View::_render() - CORE/Cake/View/View.php, line 897
View::render() - CORE/Cake/View/View.php, line 466
Controller::render() - CORE/Cake/Controller/Controller.php, line 952
Dispatcher::_invoke() - CORE/Cake/Routing/Dispatcher.php, line 192
Dispatcher::dispatch() - CORE/Cake/Routing/Dispatcher.php, line 160
[main] - APP/webroot/index.php, line 109

2017-03-17 09:10:35 Notice: Notice (8): Undefined index: PageLocale in [/var/www/html/pida.com/public_html/app/View/Home/index.ctp, line 175]
Trace:
include - APP/View/Home/index.ctp, line 175
View::_evaluate() - CORE/Cake/View/View.php, line 935
View::_render() - CORE/Cake/View/View.php, line 897
View::render() - CORE/Cake/View/View.php, line 466
Controller::render() - CORE/Cake/Controller/Controller.php, line 952
Dispatcher::_invoke() - CORE/Cake/Routing/Dispatcher.php, line 192
Dispatcher::dispatch() - CORE/Cake/Routing/Dispatcher.php, line 160
[main] - APP/webroot/index.php, line 109

2017-03-17 09:10:35 Notice: Notice (8): Undefined index: PageLocale in [/var/www/html/pida.com/public_html/app/View/Home/index.ctp, line 204]
Trace:
include - APP/View/Home/index.ctp, line 204
View::_evaluate() - CORE/Cake/View/View.php, line 935
View::_render() - CORE/Cake/View/View.php, line 897
View::render() - CORE/Cake/View/View.php, line 466
Controller::render() - CORE/Cake/Controller/Controller.php, line 952
Dispatcher::_invoke() - CORE/Cake/Routing/Dispatcher.php, line 192
Dispatcher::dispatch() - CORE/Cake/Routing/Dispatcher.php, line 160
[main] - APP/webroot/index.php, line 109

2017-03-17 09:10:35 Notice: Notice (8): Undefined index: PageLocale in [/var/www/html/pida.com/public_html/app/View/Home/index.ctp, line 205]
Trace:
include - APP/View/Home/index.ctp, line 205
View::_evaluate() - CORE/Cake/View/View.php, line 935
View::_render() - CORE/Cake/View/View.php, line 897
View::render() - CORE/Cake/View/View.php, line 466
Controller::render() - CORE/Cake/Controller/Controller.php, line 952
Dispatcher::_invoke() - CORE/Cake/Routing/Dispatcher.php, line 192
Dispatcher::dispatch() - CORE/Cake/Routing/Dispatcher.php, line 160
[main] - APP/webroot/index.php, line 109

2017-03-17 09:10:35 Notice: Notice (8): Undefined index: PageLocale in [/var/www/html/pida.com/public_html/app/View/Home/index.ctp, line 212]
Trace:
include - APP/View/Home/index.ctp, line 212
View::_evaluate() - CORE/Cake/View/View.php, line 935
View::_render() - CORE/Cake/View/View.php, line 897
View::render() - CORE/Cake/View/View.php, line 466
Controller::render() - CORE/Cake/Controller/Controller.php, line 952
Dispatcher::_invoke() - CORE/Cake/Routing/Dispatcher.php, line 192
Dispatcher::dispatch() - CORE/Cake/Routing/Dispatcher.php, line 160
[main] - APP/webroot/index.php, line 109

2017-03-17 09:10:35 Notice: Notice (8): Undefined index: PageLocale in [/var/www/html/pida.com/public_html/app/View/Home/index.ctp, line 213]
Trace:
include - APP/View/Home/index.ctp, line 213
View::_evaluate() - CORE/Cake/View/View.php, line 935
View::_render() - CORE/Cake/View/View.php, line 897
View::render() - CORE/Cake/View/View.php, line 466
Controller::render() - CORE/Cake/Controller/Controller.php, line 952
Dispatcher::_invoke() - CORE/Cake/Routing/Dispatcher.php, line 192
Dispatcher::dispatch() - CORE/Cake/Routing/Dispatcher.php, line 160
[main] - APP/webroot/index.php, line 109

2017-03-17 09:10:35 Notice: Notice (8): Undefined index: PageLocale in [/var/www/html/pida.com/public_html/app/View/Home/index.ctp, line 220]
Trace:
include - APP/View/Home/index.ctp, line 220
View::_evaluate() - CORE/Cake/View/View.php, line 935
View::_render() - CORE/Cake/View/View.php, line 897
View::render() - CORE/Cake/View/View.php, line 466
Controller::render() - CORE/Cake/Controller/Controller.php, line 952
Dispatcher::_invoke() - CORE/Cake/Routing/Dispatcher.php, line 192
Dispatcher::dispatch() - CORE/Cake/Routing/Dispatcher.php, line 160
[main] - APP/webroot/index.php, line 109

2017-03-17 09:10:35 Notice: Notice (8): Undefined index: PageLocale in [/var/www/html/pida.com/public_html/app/View/Home/index.ctp, line 221]
Trace:
include - APP/View/Home/index.ctp, line 221
View::_evaluate() - CORE/Cake/View/View.php, line 935
View::_render() - CORE/Cake/View/View.php, line 897
View::render() - CORE/Cake/View/View.php, line 466
Controller::render() - CORE/Cake/Controller/Controller.php, line 952
Dispatcher::_invoke() - CORE/Cake/Routing/Dispatcher.php, line 192
Dispatcher::dispatch() - CORE/Cake/Routing/Dispatcher.php, line 160
[main] - APP/webroot/index.php, line 109

2017-03-17 09:10:35 Notice: Notice (8): Undefined index: PageLocale in [/var/www/html/pida.com/public_html/app/View/Home/index.ctp, line 228]
Trace:
include - APP/View/Home/index.ctp, line 228
View::_evaluate() - CORE/Cake/View/View.php, line 935
View::_render() - CORE/Cake/View/View.php, line 897
View::render() - CORE/Cake/View/View.php, line 466
Controller::render() - CORE/Cake/Controller/Controller.php, line 952
Dispatcher::_invoke() - CORE/Cake/Routing/Dispatcher.php, line 192
Dispatcher::dispatch() - CORE/Cake/Routing/Dispatcher.php, line 160
[main] - APP/webroot/index.php, line 109

2017-03-17 09:10:35 Notice: Notice (8): Undefined index: PageLocale in [/var/www/html/pida.com/public_html/app/View/Home/index.ctp, line 229]
Trace:
include - APP/View/Home/index.ctp, line 229
View::_evaluate() - CORE/Cake/View/View.php, line 935
View::_render() - CORE/Cake/View/View.php, line 897
View::render() - CORE/Cake/View/View.php, line 466
Controller::render() - CORE/Cake/Controller/Controller.php, line 952
Dispatcher::_invoke() - CORE/Cake/Routing/Dispatcher.php, line 192
Dispatcher::dispatch() - CORE/Cake/Routing/Dispatcher.php, line 160
[main] - APP/webroot/index.php, line 109

2017-03-17 09:10:35 Notice: Notice (8): Undefined index: PageLocale in [/var/www/html/pida.com/public_html/app/View/Home/index.ctp, line 236]
Trace:
include - APP/View/Home/index.ctp, line 236
View::_evaluate() - CORE/Cake/View/View.php, line 935
View::_render() - CORE/Cake/View/View.php, line 897
View::render() - CORE/Cake/View/View.php, line 466
Controller::render() - CORE/Cake/Controller/Controller.php, line 952
Dispatcher::_invoke() - CORE/Cake/Routing/Dispatcher.php, line 192
Dispatcher::dispatch() - CORE/Cake/Routing/Dispatcher.php, line 160
[main] - APP/webroot/index.php, line 109

2017-03-17 09:10:35 Notice: Notice (8): Undefined index: PageLocale in [/var/www/html/pida.com/public_html/app/View/Home/index.ctp, line 237]
Trace:
include - APP/View/Home/index.ctp, line 237
View::_evaluate() - CORE/Cake/View/View.php, line 935
View::_render() - CORE/Cake/View/View.php, line 897
View::render() - CORE/Cake/View/View.php, line 466
Controller::render() - CORE/Cake/Controller/Controller.php, line 952
Dispatcher::_invoke() - CORE/Cake/Routing/Dispatcher.php, line 192
Dispatcher::dispatch() - CORE/Cake/Routing/Dispatcher.php, line 160
[main] - APP/webroot/index.php, line 109

2017-03-17 09:10:35 Notice: Notice (8): Undefined index: PageLocale in [/var/www/html/pida.com/public_html/app/View/Home/index.ctp, line 261]
Trace:
include - APP/View/Home/index.ctp, line 261
View::_evaluate() - CORE/Cake/View/View.php, line 935
View::_render() - CORE/Cake/View/View.php, line 897
View::render() - CORE/Cake/View/View.php, line 466
Controller::render() - CORE/Cake/Controller/Controller.php, line 952
Dispatcher::_invoke() - CORE/Cake/Routing/Dispatcher.php, line 192
Dispatcher::dispatch() - CORE/Cake/Routing/Dispatcher.php, line 160
[main] - APP/webroot/index.php, line 109

2017-03-17 09:10:35 Notice: Notice (8): Undefined index: PageLocale in [/var/www/html/pida.com/public_html/app/View/Home/index.ctp, line 262]
Trace:
include - APP/View/Home/index.ctp, line 262
View::_evaluate() - CORE/Cake/View/View.php, line 935
View::_render() - CORE/Cake/View/View.php, line 897
View::render() - CORE/Cake/View/View.php, line 466
Controller::render() - CORE/Cake/Controller/Controller.php, line 952
Dispatcher::_invoke() - CORE/Cake/Routing/Dispatcher.php, line 192
Dispatcher::dispatch() - CORE/Cake/Routing/Dispatcher.php, line 160
[main] - APP/webroot/index.php, line 109

2017-03-17 09:22:10 Notice: Notice (8): Undefined index: PageLocale in [/var/www/html/pida.com/public_html/app/View/Home/index.ctp, line 204]
Trace:
include - APP/View/Home/index.ctp, line 204
View::_evaluate() - CORE/Cake/View/View.php, line 935
View::_render() - CORE/Cake/View/View.php, line 897
View::render() - CORE/Cake/View/View.php, line 466
Controller::render() - CORE/Cake/Controller/Controller.php, line 952
Dispatcher::_invoke() - CORE/Cake/Routing/Dispatcher.php, line 192
Dispatcher::dispatch() - CORE/Cake/Routing/Dispatcher.php, line 160
[main] - APP/webroot/index.php, line 109

2017-03-17 09:22:10 Notice: Notice (8): Undefined index: PageLocale in [/var/www/html/pida.com/public_html/app/View/Home/index.ctp, line 205]
Trace:
include - APP/View/Home/index.ctp, line 205
View::_evaluate() - CORE/Cake/View/View.php, line 935
View::_render() - CORE/Cake/View/View.php, line 897
View::render() - CORE/Cake/View/View.php, line 466
Controller::render() - CORE/Cake/Controller/Controller.php, line 952
Dispatcher::_invoke() - CORE/Cake/Routing/Dispatcher.php, line 192
Dispatcher::dispatch() - CORE/Cake/Routing/Dispatcher.php, line 160
[main] - APP/webroot/index.php, line 109

2017-03-17 09:22:10 Notice: Notice (8): Undefined index: PageLocale in [/var/www/html/pida.com/public_html/app/View/Home/index.ctp, line 212]
Trace:
include - APP/View/Home/index.ctp, line 212
View::_evaluate() - CORE/Cake/View/View.php, line 935
View::_render() - CORE/Cake/View/View.php, line 897
View::render() - CORE/Cake/View/View.php, line 466
Controller::render() - CORE/Cake/Controller/Controller.php, line 952
Dispatcher::_invoke() - CORE/Cake/Routing/Dispatcher.php, line 192
Dispatcher::dispatch() - CORE/Cake/Routing/Dispatcher.php, line 160
[main] - APP/webroot/index.php, line 109

2017-03-17 09:22:10 Notice: Notice (8): Undefined index: PageLocale in [/var/www/html/pida.com/public_html/app/View/Home/index.ctp, line 213]
Trace:
include - APP/View/Home/index.ctp, line 213
View::_evaluate() - CORE/Cake/View/View.php, line 935
View::_render() - CORE/Cake/View/View.php, line 897
View::render() - CORE/Cake/View/View.php, line 466
Controller::render() - CORE/Cake/Controller/Controller.php, line 952
Dispatcher::_invoke() - CORE/Cake/Routing/Dispatcher.php, line 192
Dispatcher::dispatch() - CORE/Cake/Routing/Dispatcher.php, line 160
[main] - APP/webroot/index.php, line 109

2017-03-17 09:22:10 Notice: Notice (8): Undefined index: PageLocale in [/var/www/html/pida.com/public_html/app/View/Home/index.ctp, line 220]
Trace:
include - APP/View/Home/index.ctp, line 220
View::_evaluate() - CORE/Cake/View/View.php, line 935
View::_render() - CORE/Cake/View/View.php, line 897
View::render() - CORE/Cake/View/View.php, line 466
Controller::render() - CORE/Cake/Controller/Controller.php, line 952
Dispatcher::_invoke() - CORE/Cake/Routing/Dispatcher.php, line 192
Dispatcher::dispatch() - CORE/Cake/Routing/Dispatcher.php, line 160
[main] - APP/webroot/index.php, line 109

2017-03-17 09:22:10 Notice: Notice (8): Undefined index: PageLocale in [/var/www/html/pida.com/public_html/app/View/Home/index.ctp, line 221]
Trace:
include - APP/View/Home/index.ctp, line 221
View::_evaluate() - CORE/Cake/View/View.php, line 935
View::_render() - CORE/Cake/View/View.php, line 897
View::render() - CORE/Cake/View/View.php, line 466
Controller::render() - CORE/Cake/Controller/Controller.php, line 952
Dispatcher::_invoke() - CORE/Cake/Routing/Dispatcher.php, line 192
Dispatcher::dispatch() - CORE/Cake/Routing/Dispatcher.php, line 160
[main] - APP/webroot/index.php, line 109

2017-03-17 09:22:10 Notice: Notice (8): Undefined index: PageLocale in [/var/www/html/pida.com/public_html/app/View/Home/index.ctp, line 228]
Trace:
include - APP/View/Home/index.ctp, line 228
View::_evaluate() - CORE/Cake/View/View.php, line 935
View::_render() - CORE/Cake/View/View.php, line 897
View::render() - CORE/Cake/View/View.php, line 466
Controller::render() - CORE/Cake/Controller/Controller.php, line 952
Dispatcher::_invoke() - CORE/Cake/Routing/Dispatcher.php, line 192
Dispatcher::dispatch() - CORE/Cake/Routing/Dispatcher.php, line 160
[main] - APP/webroot/index.php, line 109

2017-03-17 09:22:10 Notice: Notice (8): Undefined index: PageLocale in [/var/www/html/pida.com/public_html/app/View/Home/index.ctp, line 229]
Trace:
include - APP/View/Home/index.ctp, line 229
View::_evaluate() - CORE/Cake/View/View.php, line 935
View::_render() - CORE/Cake/View/View.php, line 897
View::render() - CORE/Cake/View/View.php, line 466
Controller::render() - CORE/Cake/Controller/Controller.php, line 952
Dispatcher::_invoke() - CORE/Cake/Routing/Dispatcher.php, line 192
Dispatcher::dispatch() - CORE/Cake/Routing/Dispatcher.php, line 160
[main] - APP/webroot/index.php, line 109

2017-03-17 09:22:10 Notice: Notice (8): Undefined index: PageLocale in [/var/www/html/pida.com/public_html/app/View/Home/index.ctp, line 236]
Trace:
include - APP/View/Home/index.ctp, line 236
View::_evaluate() - CORE/Cake/View/View.php, line 935
View::_render() - CORE/Cake/View/View.php, line 897
View::render() - CORE/Cake/View/View.php, line 466
Controller::render() - CORE/Cake/Controller/Controller.php, line 952
Dispatcher::_invoke() - CORE/Cake/Routing/Dispatcher.php, line 192
Dispatcher::dispatch() - CORE/Cake/Routing/Dispatcher.php, line 160
[main] - APP/webroot/index.php, line 109

2017-03-17 09:22:10 Notice: Notice (8): Undefined index: PageLocale in [/var/www/html/pida.com/public_html/app/View/Home/index.ctp, line 237]
Trace:
include - APP/View/Home/index.ctp, line 237
View::_evaluate() - CORE/Cake/View/View.php, line 935
View::_render() - CORE/Cake/View/View.php, line 897
View::render() - CORE/Cake/View/View.php, line 466
Controller::render() - CORE/Cake/Controller/Controller.php, line 952
Dispatcher::_invoke() - CORE/Cake/Routing/Dispatcher.php, line 192
Dispatcher::dispatch() - CORE/Cake/Routing/Dispatcher.php, line 160
[main] - APP/webroot/index.php, line 109

2017-03-17 09:22:10 Notice: Notice (8): Undefined index: PageLocale in [/var/www/html/pida.com/public_html/app/View/Home/index.ctp, line 261]
Trace:
include - APP/View/Home/index.ctp, line 261
View::_evaluate() - CORE/Cake/View/View.php, line 935
View::_render() - CORE/Cake/View/View.php, line 897
View::render() - CORE/Cake/View/View.php, line 466
Controller::render() - CORE/Cake/Controller/Controller.php, line 952
Dispatcher::_invoke() - CORE/Cake/Routing/Dispatcher.php, line 192
Dispatcher::dispatch() - CORE/Cake/Routing/Dispatcher.php, line 160
[main] - APP/webroot/index.php, line 109

2017-03-17 09:22:10 Notice: Notice (8): Undefined index: PageLocale in [/var/www/html/pida.com/public_html/app/View/Home/index.ctp, line 262]
Trace:
include - APP/View/Home/index.ctp, line 262
View::_evaluate() - CORE/Cake/View/View.php, line 935
View::_render() - CORE/Cake/View/View.php, line 897
View::render() - CORE/Cake/View/View.php, line 466
Controller::render() - CORE/Cake/Controller/Controller.php, line 952
Dispatcher::_invoke() - CORE/Cake/Routing/Dispatcher.php, line 192
Dispatcher::dispatch() - CORE/Cake/Routing/Dispatcher.php, line 160
[main] - APP/webroot/index.php, line 109

2017-03-17 09:22:29 Notice: Notice (8): Undefined index: PageLocale in [/var/www/html/pida.com/public_html/app/View/Home/index.ctp, line 204]
Trace:
include - APP/View/Home/index.ctp, line 204
View::_evaluate() - CORE/Cake/View/View.php, line 935
View::_render() - CORE/Cake/View/View.php, line 897
View::render() - CORE/Cake/View/View.php, line 466
Controller::render() - CORE/Cake/Controller/Controller.php, line 952
Dispatcher::_invoke() - CORE/Cake/Routing/Dispatcher.php, line 192
Dispatcher::dispatch() - CORE/Cake/Routing/Dispatcher.php, line 160
[main] - APP/webroot/index.php, line 109

2017-03-17 09:22:29 Notice: Notice (8): Undefined index: PageLocale in [/var/www/html/pida.com/public_html/app/View/Home/index.ctp, line 205]
Trace:
include - APP/View/Home/index.ctp, line 205
View::_evaluate() - CORE/Cake/View/View.php, line 935
View::_render() - CORE/Cake/View/View.php, line 897
View::render() - CORE/Cake/View/View.php, line 466
Controller::render() - CORE/Cake/Controller/Controller.php, line 952
Dispatcher::_invoke() - CORE/Cake/Routing/Dispatcher.php, line 192
Dispatcher::dispatch() - CORE/Cake/Routing/Dispatcher.php, line 160
[main] - APP/webroot/index.php, line 109

2017-03-17 09:22:29 Notice: Notice (8): Undefined index: PageLocale in [/var/www/html/pida.com/public_html/app/View/Home/index.ctp, line 212]
Trace:
include - APP/View/Home/index.ctp, line 212
View::_evaluate() - CORE/Cake/View/View.php, line 935
View::_render() - CORE/Cake/View/View.php, line 897
View::render() - CORE/Cake/View/View.php, line 466
Controller::render() - CORE/Cake/Controller/Controller.php, line 952
Dispatcher::_invoke() - CORE/Cake/Routing/Dispatcher.php, line 192
Dispatcher::dispatch() - CORE/Cake/Routing/Dispatcher.php, line 160
[main] - APP/webroot/index.php, line 109

2017-03-17 09:22:29 Notice: Notice (8): Undefined index: PageLocale in [/var/www/html/pida.com/public_html/app/View/Home/index.ctp, line 213]
Trace:
include - APP/View/Home/index.ctp, line 213
View::_evaluate() - CORE/Cake/View/View.php, line 935
View::_render() - CORE/Cake/View/View.php, line 897
View::render() - CORE/Cake/View/View.php, line 466
Controller::render() - CORE/Cake/Controller/Controller.php, line 952
Dispatcher::_invoke() - CORE/Cake/Routing/Dispatcher.php, line 192
Dispatcher::dispatch() - CORE/Cake/Routing/Dispatcher.php, line 160
[main] - APP/webroot/index.php, line 109

2017-03-17 09:22:29 Notice: Notice (8): Undefined index: PageLocale in [/var/www/html/pida.com/public_html/app/View/Home/index.ctp, line 220]
Trace:
include - APP/View/Home/index.ctp, line 220
View::_evaluate() - CORE/Cake/View/View.php, line 935
View::_render() - CORE/Cake/View/View.php, line 897
View::render() - CORE/Cake/View/View.php, line 466
Controller::render() - CORE/Cake/Controller/Controller.php, line 952
Dispatcher::_invoke() - CORE/Cake/Routing/Dispatcher.php, line 192
Dispatcher::dispatch() - CORE/Cake/Routing/Dispatcher.php, line 160
[main] - APP/webroot/index.php, line 109

2017-03-17 09:22:29 Notice: Notice (8): Undefined index: PageLocale in [/var/www/html/pida.com/public_html/app/View/Home/index.ctp, line 221]
Trace:
include - APP/View/Home/index.ctp, line 221
View::_evaluate() - CORE/Cake/View/View.php, line 935
View::_render() - CORE/Cake/View/View.php, line 897
View::render() - CORE/Cake/View/View.php, line 466
Controller::render() - CORE/Cake/Controller/Controller.php, line 952
Dispatcher::_invoke() - CORE/Cake/Routing/Dispatcher.php, line 192
Dispatcher::dispatch() - CORE/Cake/Routing/Dispatcher.php, line 160
[main] - APP/webroot/index.php, line 109

2017-03-17 09:22:29 Notice: Notice (8): Undefined index: PageLocale in [/var/www/html/pida.com/public_html/app/View/Home/index.ctp, line 228]
Trace:
include - APP/View/Home/index.ctp, line 228
View::_evaluate() - CORE/Cake/View/View.php, line 935
View::_render() - CORE/Cake/View/View.php, line 897
View::render() - CORE/Cake/View/View.php, line 466
Controller::render() - CORE/Cake/Controller/Controller.php, line 952
Dispatcher::_invoke() - CORE/Cake/Routing/Dispatcher.php, line 192
Dispatcher::dispatch() - CORE/Cake/Routing/Dispatcher.php, line 160
[main] - APP/webroot/index.php, line 109

2017-03-17 09:22:29 Notice: Notice (8): Undefined index: PageLocale in [/var/www/html/pida.com/public_html/app/View/Home/index.ctp, line 229]
Trace:
include - APP/View/Home/index.ctp, line 229
View::_evaluate() - CORE/Cake/View/View.php, line 935
View::_render() - CORE/Cake/View/View.php, line 897
View::render() - CORE/Cake/View/View.php, line 466
Controller::render() - CORE/Cake/Controller/Controller.php, line 952
Dispatcher::_invoke() - CORE/Cake/Routing/Dispatcher.php, line 192
Dispatcher::dispatch() - CORE/Cake/Routing/Dispatcher.php, line 160
[main] - APP/webroot/index.php, line 109

2017-03-17 09:22:29 Notice: Notice (8): Undefined index: PageLocale in [/var/www/html/pida.com/public_html/app/View/Home/index.ctp, line 236]
Trace:
include - APP/View/Home/index.ctp, line 236
View::_evaluate() - CORE/Cake/View/View.php, line 935
View::_render() - CORE/Cake/View/View.php, line 897
View::render() - CORE/Cake/View/View.php, line 466
Controller::render() - CORE/Cake/Controller/Controller.php, line 952
Dispatcher::_invoke() - CORE/Cake/Routing/Dispatcher.php, line 192
Dispatcher::dispatch() - CORE/Cake/Routing/Dispatcher.php, line 160
[main] - APP/webroot/index.php, line 109

2017-03-17 09:22:29 Notice: Notice (8): Undefined index: PageLocale in [/var/www/html/pida.com/public_html/app/View/Home/index.ctp, line 237]
Trace:
include - APP/View/Home/index.ctp, line 237
View::_evaluate() - CORE/Cake/View/View.php, line 935
View::_render() - CORE/Cake/View/View.php, line 897
View::render() - CORE/Cake/View/View.php, line 466
Controller::render() - CORE/Cake/Controller/Controller.php, line 952
Dispatcher::_invoke() - CORE/Cake/Routing/Dispatcher.php, line 192
Dispatcher::dispatch() - CORE/Cake/Routing/Dispatcher.php, line 160
[main] - APP/webroot/index.php, line 109

2017-03-17 09:22:29 Notice: Notice (8): Undefined index: PageLocale in [/var/www/html/pida.com/public_html/app/View/Home/index.ctp, line 261]
Trace:
include - APP/View/Home/index.ctp, line 261
View::_evaluate() - CORE/Cake/View/View.php, line 935
View::_render() - CORE/Cake/View/View.php, line 897
View::render() - CORE/Cake/View/View.php, line 466
Controller::render() - CORE/Cake/Controller/Controller.php, line 952
Dispatcher::_invoke() - CORE/Cake/Routing/Dispatcher.php, line 192
Dispatcher::dispatch() - CORE/Cake/Routing/Dispatcher.php, line 160
[main] - APP/webroot/index.php, line 109

2017-03-17 09:22:29 Notice: Notice (8): Undefined index: PageLocale in [/var/www/html/pida.com/public_html/app/View/Home/index.ctp, line 262]
Trace:
include - APP/View/Home/index.ctp, line 262
View::_evaluate() - CORE/Cake/View/View.php, line 935
View::_render() - CORE/Cake/View/View.php, line 897
View::render() - CORE/Cake/View/View.php, line 466
Controller::render() - CORE/Cake/Controller/Controller.php, line 952
Dispatcher::_invoke() - CORE/Cake/Routing/Dispatcher.php, line 192
Dispatcher::dispatch() - CORE/Cake/Routing/Dispatcher.php, line 160
[main] - APP/webroot/index.php, line 109

2017-03-17 09:32:53 Notice: Notice (8): Undefined index: PageLocale in [/var/www/html/pida.com/public_html/app/View/Home/page.ctp, line 3]
Trace:
include - APP/View/Home/page.ctp, line 3
View::_evaluate() - CORE/Cake/View/View.php, line 935
View::_render() - CORE/Cake/View/View.php, line 897
View::render() - CORE/Cake/View/View.php, line 466
Controller::render() - CORE/Cake/Controller/Controller.php, line 952
Dispatcher::_invoke() - CORE/Cake/Routing/Dispatcher.php, line 192
Dispatcher::dispatch() - CORE/Cake/Routing/Dispatcher.php, line 160
[main] - APP/webroot/index.php, line 109

2017-03-17 09:32:53 Notice: Notice (8): Undefined index: PageLocale in [/var/www/html/pida.com/public_html/app/View/Home/page.ctp, line 11]
Trace:
include - APP/View/Home/page.ctp, line 11
View::_evaluate() - CORE/Cake/View/View.php, line 935
View::_render() - CORE/Cake/View/View.php, line 897
View::render() - CORE/Cake/View/View.php, line 466
Controller::render() - CORE/Cake/Controller/Controller.php, line 952
Dispatcher::_invoke() - CORE/Cake/Routing/Dispatcher.php, line 192
Dispatcher::dispatch() - CORE/Cake/Routing/Dispatcher.php, line 160
[main] - APP/webroot/index.php, line 109

2017-03-17 12:41:10 Notice: Notice (8): Undefined index: dob in [/var/www/html/pida.com/public_html/app/Controller/HomeController.php, line 308]
Trace:
HomeController::dashboard() - APP/Controller/HomeController.php, line 308
ReflectionMethod::invokeArgs() - [internal], line ??
Controller::invokeAction() - CORE/Cake/Controller/Controller.php, line 490
Dispatcher::_invoke() - CORE/Cake/Routing/Dispatcher.php, line 185
Dispatcher::dispatch() - CORE/Cake/Routing/Dispatcher.php, line 160
[main] - APP/webroot/index.php, line 109

2017-03-18 07:13:42 Notice: Notice (8): Undefined index: dob in [/var/www/html/pida.com/public_html/app/Controller/HomeController.php, line 309]
Trace:
HomeController::dashboard() - APP/Controller/HomeController.php, line 309
ReflectionMethod::invokeArgs() - [internal], line ??
Controller::invokeAction() - CORE/Cake/Controller/Controller.php, line 490
Dispatcher::_invoke() - CORE/Cake/Routing/Dispatcher.php, line 185
Dispatcher::dispatch() - CORE/Cake/Routing/Dispatcher.php, line 160
[main] - APP/webroot/index.php, line 109

2017-04-05 23:18:03 Notice: Notice (8): Undefined index: first_name in [/var/www/html/pida.com/public_html/app/Controller/HomeController.php, line 649]
Trace:
HomeController::contact_us() - APP/Controller/HomeController.php, line 649
ReflectionMethod::invokeArgs() - [internal], line ??
Controller::invokeAction() - CORE/Cake/Controller/Controller.php, line 490
Dispatcher::_invoke() - CORE/Cake/Routing/Dispatcher.php, line 185
Dispatcher::dispatch() - CORE/Cake/Routing/Dispatcher.php, line 160
[main] - APP/webroot/index.php, line 109

2017-04-05 23:18:03 Notice: Notice (8): Undefined index: last_name in [/var/www/html/pida.com/public_html/app/Controller/HomeController.php, line 649]
Trace:
HomeController::contact_us() - APP/Controller/HomeController.php, line 649
ReflectionMethod::invokeArgs() - [internal], line ??
Controller::invokeAction() - CORE/Cake/Controller/Controller.php, line 490
Dispatcher::_invoke() - CORE/Cake/Routing/Dispatcher.php, line 185
Dispatcher::dispatch() - CORE/Cake/Routing/Dispatcher.php, line 160
[main] - APP/webroot/index.php, line 109

2017-04-05 23:18:03 Notice: Notice (8): Undefined index: email in [/var/www/html/pida.com/public_html/app/Controller/HomeController.php, line 649]
Trace:
HomeController::contact_us() - APP/Controller/HomeController.php, line 649
ReflectionMethod::invokeArgs() - [internal], line ??
Controller::invokeAction() - CORE/Cake/Controller/Controller.php, line 490
Dispatcher::_invoke() - CORE/Cake/Routing/Dispatcher.php, line 185
Dispatcher::dispatch() - CORE/Cake/Routing/Dispatcher.php, line 160
[main] - APP/webroot/index.php, line 109

2017-04-05 23:18:03 Notice: Notice (8): Undefined index: reason in [/var/www/html/pida.com/public_html/app/Controller/HomeController.php, line 649]
Trace:
HomeController::contact_us() - APP/Controller/HomeController.php, line 649
ReflectionMethod::invokeArgs() - [internal], line ??
Controller::invokeAction() - CORE/Cake/Controller/Controller.php, line 490
Dispatcher::_invoke() - CORE/Cake/Routing/Dispatcher.php, line 185
Dispatcher::dispatch() - CORE/Cake/Routing/Dispatcher.php, line 160
[main] - APP/webroot/index.php, line 109

2017-04-11 18:04:08 Notice: Notice (8): Undefined index: dob in [/var/www/html/pida.com/public_html/app/Controller/HomeController.php, line 309]
Trace:
HomeController::dashboard() - APP/Controller/HomeController.php, line 309
ReflectionMethod::invokeArgs() - [internal], line ??
Controller::invokeAction() - CORE/Cake/Controller/Controller.php, line 490
Dispatcher::_invoke() - CORE/Cake/Routing/Dispatcher.php, line 185
Dispatcher::dispatch() - CORE/Cake/Routing/Dispatcher.php, line 160
[main] - APP/webroot/index.php, line 109

2017-05-11 12:45:00 Notice: Notice (8): Undefined index: User in [/var/www/html/pida.com/public_html/app/View/Drivers/admin_view.ctp, line 144]
Trace:
include - APP/View/Drivers/admin_view.ctp, line 144
View::_evaluate() - CORE/Cake/View/View.php, line 935
View::_render() - CORE/Cake/View/View.php, line 897
View::render() - CORE/Cake/View/View.php, line 466
Controller::render() - CORE/Cake/Controller/Controller.php, line 952
Dispatcher::_invoke() - CORE/Cake/Routing/Dispatcher.php, line 192
Dispatcher::dispatch() - CORE/Cake/Routing/Dispatcher.php, line 160
[main] - APP/webroot/index.php, line 109

2017-05-11 12:45:00 Notice: Notice (8): Undefined index:  in [/var/www/html/pida.com/public_html/app/View/Drivers/admin_view.ctp, line 144]
Trace:
include - APP/View/Drivers/admin_view.ctp, line 144
View::_evaluate() - CORE/Cake/View/View.php, line 935
View::_render() - CORE/Cake/View/View.php, line 897
View::render() - CORE/Cake/View/View.php, line 466
Controller::render() - CORE/Cake/Controller/Controller.php, line 952
Dispatcher::_invoke() - CORE/Cake/Routing/Dispatcher.php, line 192
Dispatcher::dispatch() - CORE/Cake/Routing/Dispatcher.php, line 160
[main] - APP/webroot/index.php, line 109

2017-05-11 12:45:00 Notice: Notice (8): Undefined index: DriverDetail in [/var/www/html/pida.com/public_html/app/View/Drivers/admin_view.ctp, line 158]
Trace:
include - APP/View/Drivers/admin_view.ctp, line 158
View::_evaluate() - CORE/Cake/View/View.php, line 935
View::_render() - CORE/Cake/View/View.php, line 897
View::render() - CORE/Cake/View/View.php, line 466
Controller::render() - CORE/Cake/Controller/Controller.php, line 952
Dispatcher::_invoke() - CORE/Cake/Routing/Dispatcher.php, line 192
Dispatcher::dispatch() - CORE/Cake/Routing/Dispatcher.php, line 160
[main] - APP/webroot/index.php, line 109

2017-05-11 12:45:00 Notice: Notice (8): Undefined index: User in [/var/www/html/pida.com/public_html/app/View/Drivers/admin_view.ctp, line 183]
Trace:
include - APP/View/Drivers/admin_view.ctp, line 183
View::_evaluate() - CORE/Cake/View/View.php, line 935
View::_render() - CORE/Cake/View/View.php, line 897
View::render() - CORE/Cake/View/View.php, line 466
Controller::render() - CORE/Cake/Controller/Controller.php, line 952
Dispatcher::_invoke() - CORE/Cake/Routing/Dispatcher.php, line 192
Dispatcher::dispatch() - CORE/Cake/Routing/Dispatcher.php, line 160
[main] - APP/webroot/index.php, line 109

2017-06-20 02:28:19 Notice: Notice (8): Undefined index: dob in [/var/www/html/pida.com/public_html/app/Controller/HomeController.php, line 309]
Trace:
HomeController::dashboard() - APP/Controller/HomeController.php, line 309
ReflectionMethod::invokeArgs() - [internal], line ??
Controller::invokeAction() - CORE/Cake/Controller/Controller.php, line 490
Dispatcher::_invoke() - CORE/Cake/Routing/Dispatcher.php, line 185
Dispatcher::dispatch() - CORE/Cake/Routing/Dispatcher.php, line 160
[main] - APP/webroot/index.php, line 109

2017-10-02 06:04:07 Notice: Notice (8): Undefined index: dob in [/var/www/html/pida.com/public_html/app/Controller/HomeController.php, line 309]
Trace:
HomeController::dashboard() - APP/Controller/HomeController.php, line 309
ReflectionMethod::invokeArgs() - [internal], line ??
Controller::invokeAction() - CORE/Cake/Controller/Controller.php, line 490
Dispatcher::_invoke() - CORE/Cake/Routing/Dispatcher.php, line 185
Dispatcher::dispatch() - CORE/Cake/Routing/Dispatcher.php, line 160
[main] - APP/webroot/index.php, line 109

2017-12-07 22:47:47 Notice: Notice (8): Undefined index: message in [/var/www/html/pida.com/public_html/app/Controller/HomeController.php, line 646]
Trace:
HomeController::contact_us() - APP/Controller/HomeController.php, line 646
ReflectionMethod::invokeArgs() - [internal], line ??
Controller::invokeAction() - CORE/Cake/Controller/Controller.php, line 490
Dispatcher::_invoke() - CORE/Cake/Routing/Dispatcher.php, line 185
Dispatcher::dispatch() - CORE/Cake/Routing/Dispatcher.php, line 160
[main] - APP/webroot/index.php, line 109

2017-12-07 22:47:47 Notice: Notice (8): Undefined index: type in [/var/www/html/pida.com/public_html/app/Controller/HomeController.php, line 647]
Trace:
HomeController::contact_us() - APP/Controller/HomeController.php, line 647
ReflectionMethod::invokeArgs() - [internal], line ??
Controller::invokeAction() - CORE/Cake/Controller/Controller.php, line 490
Dispatcher::_invoke() - CORE/Cake/Routing/Dispatcher.php, line 185
Dispatcher::dispatch() - CORE/Cake/Routing/Dispatcher.php, line 160
[main] - APP/webroot/index.php, line 109

2018-02-02 22:05:27 Notice: Notice (8): Undefined index: type in [/var/www/html/pida.com/public_html/app/Controller/HomeController.php, line 647]
Trace:
HomeController::contact_us() - APP/Controller/HomeController.php, line 647
ReflectionMethod::invokeArgs() - [internal], line ??
Controller::invokeAction() - CORE/Cake/Controller/Controller.php, line 490
Dispatcher::_invoke() - CORE/Cake/Routing/Dispatcher.php, line 185
Dispatcher::dispatch() - CORE/Cake/Routing/Dispatcher.php, line 160
[main] - APP/webroot/index.php, line 109

2018-02-08 22:11:04 Notice: Notice (8): Undefined index: type in [/var/www/html/pida.com/public_html/app/Controller/HomeController.php, line 647]
Trace:
HomeController::contact_us() - APP/Controller/HomeController.php, line 647
ReflectionMethod::invokeArgs() - [internal], line ??
Controller::invokeAction() - CORE/Cake/Controller/Controller.php, line 490
Dispatcher::_invoke() - CORE/Cake/Routing/Dispatcher.php, line 185
Dispatcher::dispatch() - CORE/Cake/Routing/Dispatcher.php, line 160
[main] - APP/webroot/index.php, line 109

2018-02-13 13:34:03 Notice: Notice (8): Undefined variable: UserData in [/var/www/html/pida.com/public_html/app/View/Emails/html/driver_account_approved.ctp, line 14]
Trace:
include - APP/View/Emails/html/driver_account_approved.ctp, line 14
View::_evaluate() - CORE/Cake/View/View.php, line 935
View::_render() - CORE/Cake/View/View.php, line 897
View::render() - CORE/Cake/View/View.php, line 466
CakeEmail::_renderTemplates() - CORE/Cake/Network/Email/CakeEmail.php, line 1653
CakeEmail::_render() - CORE/Cake/Network/Email/CakeEmail.php, line 1510
CakeEmail::send() - CORE/Cake/Network/Email/CakeEmail.php, line 1120
AppController::sendMail() - APP/Controller/AppController.php, line 208
DriversController::admin_status() - APP/Controller/DriversController.php, line 246
ReflectionMethod::invokeArgs() - [internal], line ??
Controller::invokeAction() - CORE/Cake/Controller/Controller.php, line 490
Dispatcher::_invoke() - CORE/Cake/Routing/Dispatcher.php, line 185
Dispatcher::dispatch() - CORE/Cake/Routing/Dispatcher.php, line 160
[main] - APP/webroot/index.php, line 109

2018-02-13 13:34:03 Notice: Notice (8): Undefined variable: UserData in [/var/www/html/pida.com/public_html/app/View/Emails/html/driver_account_approved.ctp, line 42]
Trace:
include - APP/View/Emails/html/driver_account_approved.ctp, line 42
View::_evaluate() - CORE/Cake/View/View.php, line 935
View::_render() - CORE/Cake/View/View.php, line 897
View::render() - CORE/Cake/View/View.php, line 466
CakeEmail::_renderTemplates() - CORE/Cake/Network/Email/CakeEmail.php, line 1653
CakeEmail::_render() - CORE/Cake/Network/Email/CakeEmail.php, line 1510
CakeEmail::send() - CORE/Cake/Network/Email/CakeEmail.php, line 1120
AppController::sendMail() - APP/Controller/AppController.php, line 208
DriversController::admin_status() - APP/Controller/DriversController.php, line 246
ReflectionMethod::invokeArgs() - [internal], line ??
Controller::invokeAction() - CORE/Cake/Controller/Controller.php, line 490
Dispatcher::_invoke() - CORE/Cake/Routing/Dispatcher.php, line 185
Dispatcher::dispatch() - CORE/Cake/Routing/Dispatcher.php, line 160
[main] - APP/webroot/index.php, line 109

2018-02-13 13:34:03 Notice: Notice (8): Undefined variable: UserData in [/var/www/html/pida.com/public_html/app/View/Emails/html/driver_account_approved.ctp, line 44]
Trace:
include - APP/View/Emails/html/driver_account_approved.ctp, line 44
View::_evaluate() - CORE/Cake/View/View.php, line 935
View::_render() - CORE/Cake/View/View.php, line 897
View::render() - CORE/Cake/View/View.php, line 466
CakeEmail::_renderTemplates() - CORE/Cake/Network/Email/CakeEmail.php, line 1653
CakeEmail::_render() - CORE/Cake/Network/Email/CakeEmail.php, line 1510
CakeEmail::send() - CORE/Cake/Network/Email/CakeEmail.php, line 1120
AppController::sendMail() - APP/Controller/AppController.php, line 208
DriversController::admin_status() - APP/Controller/DriversController.php, line 246
ReflectionMethod::invokeArgs() - [internal], line ??
Controller::invokeAction() - CORE/Cake/Controller/Controller.php, line 490
Dispatcher::_invoke() - CORE/Cake/Routing/Dispatcher.php, line 185
Dispatcher::dispatch() - CORE/Cake/Routing/Dispatcher.php, line 160
[main] - APP/webroot/index.php, line 109

2018-02-15 04:19:07 Notice: Notice (8): Undefined index: type in [/var/www/html/pida.com/public_html/app/Controller/HomeController.php, line 647]
Trace:
HomeController::contact_us() - APP/Controller/HomeController.php, line 647
ReflectionMethod::invokeArgs() - [internal], line ??
Controller::invokeAction() - CORE/Cake/Controller/Controller.php, line 490
Dispatcher::_invoke() - CORE/Cake/Routing/Dispatcher.php, line 185
Dispatcher::dispatch() - CORE/Cake/Routing/Dispatcher.php, line 160
[main] - APP/webroot/index.php, line 109

2018-02-21 10:28:54 Notice: Notice (8): Undefined index: type in [/var/www/html/pida.com/public_html/app/Controller/HomeController.php, line 647]
Trace:
HomeController::contact_us() - APP/Controller/HomeController.php, line 647
ReflectionMethod::invokeArgs() - [internal], line ??
Controller::invokeAction() - CORE/Cake/Controller/Controller.php, line 490
Dispatcher::_invoke() - CORE/Cake/Routing/Dispatcher.php, line 185
Dispatcher::dispatch() - CORE/Cake/Routing/Dispatcher.php, line 160
[main] - APP/webroot/index.php, line 109

2018-02-27 08:41:40 Notice: Notice (8): Undefined index: type in [/var/www/html/pida.com/public_html/app/Controller/HomeController.php, line 647]
Trace:
HomeController::contact_us() - APP/Controller/HomeController.php, line 647
ReflectionMethod::invokeArgs() - [internal], line ??
Controller::invokeAction() - CORE/Cake/Controller/Controller.php, line 490
Dispatcher::_invoke() - CORE/Cake/Routing/Dispatcher.php, line 185
Dispatcher::dispatch() - CORE/Cake/Routing/Dispatcher.php, line 160
[main] - APP/webroot/index.php, line 109

2018-03-06 07:00:49 Notice: Notice (8): Undefined index: type in [/var/www/html/pida.com/public_html/app/Controller/HomeController.php, line 647]
Trace:
HomeController::contact_us() - APP/Controller/HomeController.php, line 647
ReflectionMethod::invokeArgs() - [internal], line ??
Controller::invokeAction() - CORE/Cake/Controller/Controller.php, line 490
Dispatcher::_invoke() - CORE/Cake/Routing/Dispatcher.php, line 185
Dispatcher::dispatch() - CORE/Cake/Routing/Dispatcher.php, line 160
[main] - APP/webroot/index.php, line 109

2018-03-27 06:57:05 Notice: Notice (8): Undefined variable: Email in [/var/www/html/pida.com/public_html/app/Controller/NotificationsController.php, line 120]
Trace:
NotificationsController::SendNotificationMail() - APP/Controller/NotificationsController.php, line 120
NotificationsController::admin_rider() - APP/Controller/NotificationsController.php, line 85
ReflectionMethod::invokeArgs() - [internal], line ??
Controller::invokeAction() - CORE/Cake/Controller/Controller.php, line 490
Dispatcher::_invoke() - CORE/Cake/Routing/Dispatcher.php, line 185
Dispatcher::dispatch() - CORE/Cake/Routing/Dispatcher.php, line 160
[main] - APP/webroot/index.php, line 109

2018-04-17 17:57:10 Notice: Notice (8): Undefined index: dob in [/var/www/html/pida.com/public_html/app/Controller/HomeController.php, line 309]
Trace:
HomeController::dashboard() - APP/Controller/HomeController.php, line 309
ReflectionMethod::invokeArgs() - [internal], line ??
Controller::invokeAction() - CORE/Cake/Controller/Controller.php, line 490
Dispatcher::_invoke() - CORE/Cake/Routing/Dispatcher.php, line 185
Dispatcher::dispatch() - CORE/Cake/Routing/Dispatcher.php, line 160
[main] - APP/webroot/index.php, line 109

2018-04-17 17:58:19 Notice: Notice (8): Undefined index: dob in [/var/www/html/pida.com/public_html/app/Controller/HomeController.php, line 309]
Trace:
HomeController::dashboard() - APP/Controller/HomeController.php, line 309
ReflectionMethod::invokeArgs() - [internal], line ??
Controller::invokeAction() - CORE/Cake/Controller/Controller.php, line 490
Dispatcher::_invoke() - CORE/Cake/Routing/Dispatcher.php, line 185
Dispatcher::dispatch() - CORE/Cake/Routing/Dispatcher.php, line 160
[main] - APP/webroot/index.php, line 109

2018-04-18 10:37:34 Notice: Notice (8): Undefined index: driver_amount in [/var/www/html/pida.com/public_html/app/View/Payments/admin_index.ctp, line 143]
Trace:
include - APP/View/Payments/admin_index.ctp, line 143
View::_evaluate() - CORE/Cake/View/View.php, line 935
View::_render() - CORE/Cake/View/View.php, line 897
View::render() - CORE/Cake/View/View.php, line 466
Controller::render() - CORE/Cake/Controller/Controller.php, line 952
Dispatcher::_invoke() - CORE/Cake/Routing/Dispatcher.php, line 192
Dispatcher::dispatch() - CORE/Cake/Routing/Dispatcher.php, line 160
[main] - APP/webroot/index.php, line 109

2018-04-18 10:37:34 Notice: Notice (8): Undefined index: admin_amount in [/var/www/html/pida.com/public_html/app/View/Payments/admin_index.ctp, line 144]
Trace:
include - APP/View/Payments/admin_index.ctp, line 144
View::_evaluate() - CORE/Cake/View/View.php, line 935
View::_render() - CORE/Cake/View/View.php, line 897
View::render() - CORE/Cake/View/View.php, line 466
Controller::render() - CORE/Cake/Controller/Controller.php, line 952
Dispatcher::_invoke() - CORE/Cake/Routing/Dispatcher.php, line 192
Dispatcher::dispatch() - CORE/Cake/Routing/Dispatcher.php, line 160
[main] - APP/webroot/index.php, line 109

2018-04-18 10:37:34 Notice: Notice (8): Undefined index: admin_percent in [/var/www/html/pida.com/public_html/app/View/Payments/admin_index.ctp, line 145]
Trace:
include - APP/View/Payments/admin_index.ctp, line 145
View::_evaluate() - CORE/Cake/View/View.php, line 935
View::_render() - CORE/Cake/View/View.php, line 897
View::render() - CORE/Cake/View/View.php, line 466
Controller::render() - CORE/Cake/Controller/Controller.php, line 952
Dispatcher::_invoke() - CORE/Cake/Routing/Dispatcher.php, line 192
Dispatcher::dispatch() - CORE/Cake/Routing/Dispatcher.php, line 160
[main] - APP/webroot/index.php, line 109

2018-04-18 10:37:34 Notice: Notice (8): Undefined index: total_miles in [/var/www/html/pida.com/public_html/app/View/Payments/admin_index.ctp, line 146]
Trace:
include - APP/View/Payments/admin_index.ctp, line 146
View::_evaluate() - CORE/Cake/View/View.php, line 935
View::_render() - CORE/Cake/View/View.php, line 897
View::render() - CORE/Cake/View/View.php, line 466
Controller::render() - CORE/Cake/Controller/Controller.php, line 952
Dispatcher::_invoke() - CORE/Cake/Routing/Dispatcher.php, line 192
Dispatcher::dispatch() - CORE/Cake/Routing/Dispatcher.php, line 160
[main] - APP/webroot/index.php, line 109

2018-04-18 10:37:34 Notice: Notice (8): Undefined index: driver_amount in [/var/www/html/pida.com/public_html/app/View/Payments/admin_index.ctp, line 143]
Trace:
include - APP/View/Payments/admin_index.ctp, line 143
View::_evaluate() - CORE/Cake/View/View.php, line 935
View::_render() - CORE/Cake/View/View.php, line 897
View::render() - CORE/Cake/View/View.php, line 466
Controller::render() - CORE/Cake/Controller/Controller.php, line 952
Dispatcher::_invoke() - CORE/Cake/Routing/Dispatcher.php, line 192
Dispatcher::dispatch() - CORE/Cake/Routing/Dispatcher.php, line 160
[main] - APP/webroot/index.php, line 109

2018-04-18 10:37:34 Notice: Notice (8): Undefined index: admin_amount in [/var/www/html/pida.com/public_html/app/View/Payments/admin_index.ctp, line 144]
Trace:
include - APP/View/Payments/admin_index.ctp, line 144
View::_evaluate() - CORE/Cake/View/View.php, line 935
View::_render() - CORE/Cake/View/View.php, line 897
View::render() - CORE/Cake/View/View.php, line 466
Controller::render() - CORE/Cake/Controller/Controller.php, line 952
Dispatcher::_invoke() - CORE/Cake/Routing/Dispatcher.php, line 192
Dispatcher::dispatch() - CORE/Cake/Routing/Dispatcher.php, line 160
[main] - APP/webroot/index.php, line 109

2018-04-18 10:37:34 Notice: Notice (8): Undefined index: admin_percent in [/var/www/html/pida.com/public_html/app/View/Payments/admin_index.ctp, line 145]
Trace:
include - APP/View/Payments/admin_index.ctp, line 145
View::_evaluate() - CORE/Cake/View/View.php, line 935
View::_render() - CORE/Cake/View/View.php, line 897
View::render() - CORE/Cake/View/View.php, line 466
Controller::render() - CORE/Cake/Controller/Controller.php, line 952
Dispatcher::_invoke() - CORE/Cake/Routing/Dispatcher.php, line 192
Dispatcher::dispatch() - CORE/Cake/Routing/Dispatcher.php, line 160
[main] - APP/webroot/index.php, line 109

2018-04-18 10:37:34 Notice: Notice (8): Undefined index: total_miles in [/var/www/html/pida.com/public_html/app/View/Payments/admin_index.ctp, line 146]
Trace:
include - APP/View/Payments/admin_index.ctp, line 146
View::_evaluate() - CORE/Cake/View/View.php, line 935
View::_render() - CORE/Cake/View/View.php, line 897
View::render() - CORE/Cake/View/View.php, line 466
Controller::render() - CORE/Cake/Controller/Controller.php, line 952
Dispatcher::_invoke() - CORE/Cake/Routing/Dispatcher.php, line 192
Dispatcher::dispatch() - CORE/Cake/Routing/Dispatcher.php, line 160
[main] - APP/webroot/index.php, line 109

2018-04-18 10:37:34 Notice: Notice (8): Undefined index: driver_amount in [/var/www/html/pida.com/public_html/app/View/Payments/admin_index.ctp, line 143]
Trace:
include - APP/View/Payments/admin_index.ctp, line 143
View::_evaluate() - CORE/Cake/View/View.php, line 935
View::_render() - CORE/Cake/View/View.php, line 897
View::render() - CORE/Cake/View/View.php, line 466
Controller::render() - CORE/Cake/Controller/Controller.php, line 952
Dispatcher::_invoke() - CORE/Cake/Routing/Dispatcher.php, line 192
Dispatcher::dispatch() - CORE/Cake/Routing/Dispatcher.php, line 160
[main] - APP/webroot/index.php, line 109

2018-04-18 10:37:34 Notice: Notice (8): Undefined index: admin_amount in [/var/www/html/pida.com/public_html/app/View/Payments/admin_index.ctp, line 144]
Trace:
include - APP/View/Payments/admin_index.ctp, line 144
View::_evaluate() - CORE/Cake/View/View.php, line 935
View::_render() - CORE/Cake/View/View.php, line 897
View::render() - CORE/Cake/View/View.php, line 466
Controller::render() - CORE/Cake/Controller/Controller.php, line 952
Dispatcher::_invoke() - CORE/Cake/Routing/Dispatcher.php, line 192
Dispatcher::dispatch() - CORE/Cake/Routing/Dispatcher.php, line 160
[main] - APP/webroot/index.php, line 109

2018-04-18 10:37:34 Notice: Notice (8): Undefined index: admin_percent in [/var/www/html/pida.com/public_html/app/View/Payments/admin_index.ctp, line 145]
Trace:
include - APP/View/Payments/admin_index.ctp, line 145
View::_evaluate() - CORE/Cake/View/View.php, line 935
View::_render() - CORE/Cake/View/View.php, line 897
View::render() - CORE/Cake/View/View.php, line 466
Controller::render() - CORE/Cake/Controller/Controller.php, line 952
Dispatcher::_invoke() - CORE/Cake/Routing/Dispatcher.php, line 192
Dispatcher::dispatch() - CORE/Cake/Routing/Dispatcher.php, line 160
[main] - APP/webroot/index.php, line 109

2018-04-18 10:37:34 Notice: Notice (8): Undefined index: total_miles in [/var/www/html/pida.com/public_html/app/View/Payments/admin_index.ctp, line 146]
Trace:
include - APP/View/Payments/admin_index.ctp, line 146
View::_evaluate() - CORE/Cake/View/View.php, line 935
View::_render() - CORE/Cake/View/View.php, line 897
View::render() - CORE/Cake/View/View.php, line 466
Controller::render() - CORE/Cake/Controller/Controller.php, line 952
Dispatcher::_invoke() - CORE/Cake/Routing/Dispatcher.php, line 192
Dispatcher::dispatch() - CORE/Cake/Routing/Dispatcher.php, line 160
[main] - APP/webroot/index.php, line 109

2018-04-18 10:37:34 Notice: Notice (8): Undefined index: driver_amount in [/var/www/html/pida.com/public_html/app/View/Payments/admin_index.ctp, line 143]
Trace:
include - APP/View/Payments/admin_index.ctp, line 143
View::_evaluate() - CORE/Cake/View/View.php, line 935
View::_render() - CORE/Cake/View/View.php, line 897
View::render() - CORE/Cake/View/View.php, line 466
Controller::render() - CORE/Cake/Controller/Controller.php, line 952
Dispatcher::_invoke() - CORE/Cake/Routing/Dispatcher.php, line 192
Dispatcher::dispatch() - CORE/Cake/Routing/Dispatcher.php, line 160
[main] - APP/webroot/index.php, line 109

2018-04-18 10:37:34 Notice: Notice (8): Undefined index: admin_amount in [/var/www/html/pida.com/public_html/app/View/Payments/admin_index.ctp, line 144]
Trace:
include - APP/View/Payments/admin_index.ctp, line 144
View::_evaluate() - CORE/Cake/View/View.php, line 935
View::_render() - CORE/Cake/View/View.php, line 897
View::render() - CORE/Cake/View/View.php, line 466
Controller::render() - CORE/Cake/Controller/Controller.php, line 952
Dispatcher::_invoke() - CORE/Cake/Routing/Dispatcher.php, line 192
Dispatcher::dispatch() - CORE/Cake/Routing/Dispatcher.php, line 160
[main] - APP/webroot/index.php, line 109

2018-04-18 10:37:34 Notice: Notice (8): Undefined index: admin_percent in [/var/www/html/pida.com/public_html/app/View/Payments/admin_index.ctp, line 145]
Trace:
include - APP/View/Payments/admin_index.ctp, line 145
View::_evaluate() - CORE/Cake/View/View.php, line 935
View::_render() - CORE/Cake/View/View.php, line 897
View::render() - CORE/Cake/View/View.php, line 466
Controller::render() - CORE/Cake/Controller/Controller.php, line 952
Dispatcher::_invoke() - CORE/Cake/Routing/Dispatcher.php, line 192
Dispatcher::dispatch() - CORE/Cake/Routing/Dispatcher.php, line 160
[main] - APP/webroot/index.php, line 109

2018-04-18 10:37:34 Notice: Notice (8): Undefined index: total_miles in [/var/www/html/pida.com/public_html/app/View/Payments/admin_index.ctp, line 146]
Trace:
include - APP/View/Payments/admin_index.ctp, line 146
View::_evaluate() - CORE/Cake/View/View.php, line 935
View::_render() - CORE/Cake/View/View.php, line 897
View::render() - CORE/Cake/View/View.php, line 466
Controller::render() - CORE/Cake/Controller/Controller.php, line 952
Dispatcher::_invoke() - CORE/Cake/Routing/Dispatcher.php, line 192
Dispatcher::dispatch() - CORE/Cake/Routing/Dispatcher.php, line 160
[main] - APP/webroot/index.php, line 109

2018-04-18 10:37:34 Notice: Notice (8): Undefined index: driver_amount in [/var/www/html/pida.com/public_html/app/View/Payments/admin_index.ctp, line 143]
Trace:
include - APP/View/Payments/admin_index.ctp, line 143
View::_evaluate() - CORE/Cake/View/View.php, line 935
View::_render() - CORE/Cake/View/View.php, line 897
View::render() - CORE/Cake/View/View.php, line 466
Controller::render() - CORE/Cake/Controller/Controller.php, line 952
Dispatcher::_invoke() - CORE/Cake/Routing/Dispatcher.php, line 192
Dispatcher::dispatch() - CORE/Cake/Routing/Dispatcher.php, line 160
[main] - APP/webroot/index.php, line 109

2018-04-18 10:37:34 Notice: Notice (8): Undefined index: admin_amount in [/var/www/html/pida.com/public_html/app/View/Payments/admin_index.ctp, line 144]
Trace:
include - APP/View/Payments/admin_index.ctp, line 144
View::_evaluate() - CORE/Cake/View/View.php, line 935
View::_render() - CORE/Cake/View/View.php, line 897
View::render() - CORE/Cake/View/View.php, line 466
Controller::render() - CORE/Cake/Controller/Controller.php, line 952
Dispatcher::_invoke() - CORE/Cake/Routing/Dispatcher.php, line 192
Dispatcher::dispatch() - CORE/Cake/Routing/Dispatcher.php, line 160
[main] - APP/webroot/index.php, line 109

2018-04-18 10:37:34 Notice: Notice (8): Undefined index: admin_percent in [/var/www/html/pida.com/public_html/app/View/Payments/admin_index.ctp, line 145]
Trace:
include - APP/View/Payments/admin_index.ctp, line 145
View::_evaluate() - CORE/Cake/View/View.php, line 935
View::_render() - CORE/Cake/View/View.php, line 897
View::render() - CORE/Cake/View/View.php, line 466
Controller::render() - CORE/Cake/Controller/Controller.php, line 952
Dispatcher::_invoke() - CORE/Cake/Routing/Dispatcher.php, line 192
Dispatcher::dispatch() - CORE/Cake/Routing/Dispatcher.php, line 160
[main] - APP/webroot/index.php, line 109

2018-04-18 10:37:34 Notice: Notice (8): Undefined index: total_miles in [/var/www/html/pida.com/public_html/app/View/Payments/admin_index.ctp, line 146]
Trace:
include - APP/View/Payments/admin_index.ctp, line 146
View::_evaluate() - CORE/Cake/View/View.php, line 935
View::_render() - CORE/Cake/View/View.php, line 897
View::render() - CORE/Cake/View/View.php, line 466
Controller::render() - CORE/Cake/Controller/Controller.php, line 952
Dispatcher::_invoke() - CORE/Cake/Routing/Dispatcher.php, line 192
Dispatcher::dispatch() - CORE/Cake/Routing/Dispatcher.php, line 160
[main] - APP/webroot/index.php, line 109

2018-04-18 10:37:34 Notice: Notice (8): Undefined index: driver_amount in [/var/www/html/pida.com/public_html/app/View/Payments/admin_index.ctp, line 143]
Trace:
include - APP/View/Payments/admin_index.ctp, line 143
View::_evaluate() - CORE/Cake/View/View.php, line 935
View::_render() - CORE/Cake/View/View.php, line 897
View::render() - CORE/Cake/View/View.php, line 466
Controller::render() - CORE/Cake/Controller/Controller.php, line 952
Dispatcher::_invoke() - CORE/Cake/Routing/Dispatcher.php, line 192
Dispatcher::dispatch() - CORE/Cake/Routing/Dispatcher.php, line 160
[main] - APP/webroot/index.php, line 109

2018-04-18 10:37:34 Notice: Notice (8): Undefined index: admin_amount in [/var/www/html/pida.com/public_html/app/View/Payments/admin_index.ctp, line 144]
Trace:
include - APP/View/Payments/admin_index.ctp, line 144
View::_evaluate() - CORE/Cake/View/View.php, line 935
View::_render() - CORE/Cake/View/View.php, line 897
View::render() - CORE/Cake/View/View.php, line 466
Controller::render() - CORE/Cake/Controller/Controller.php, line 952
Dispatcher::_invoke() - CORE/Cake/Routing/Dispatcher.php, line 192
Dispatcher::dispatch() - CORE/Cake/Routing/Dispatcher.php, line 160
[main] - APP/webroot/index.php, line 109

2018-04-18 10:37:34 Notice: Notice (8): Undefined index: admin_percent in [/var/www/html/pida.com/public_html/app/View/Payments/admin_index.ctp, line 145]
Trace:
include - APP/View/Payments/admin_index.ctp, line 145
View::_evaluate() - CORE/Cake/View/View.php, line 935
View::_render() - CORE/Cake/View/View.php, line 897
View::render() - CORE/Cake/View/View.php, line 466
Controller::render() - CORE/Cake/Controller/Controller.php, line 952
Dispatcher::_invoke() - CORE/Cake/Routing/Dispatcher.php, line 192
Dispatcher::dispatch() - CORE/Cake/Routing/Dispatcher.php, line 160
[main] - APP/webroot/index.php, line 109

2018-04-18 10:37:34 Notice: Notice (8): Undefined index: total_miles in [/var/www/html/pida.com/public_html/app/View/Payments/admin_index.ctp, line 146]
Trace:
include - APP/View/Payments/admin_index.ctp, line 146
View::_evaluate() - CORE/Cake/View/View.php, line 935
View::_render() - CORE/Cake/View/View.php, line 897
View::render() - CORE/Cake/View/View.php, line 466
Controller::render() - CORE/Cake/Controller/Controller.php, line 952
Dispatcher::_invoke() - CORE/Cake/Routing/Dispatcher.php, line 192
Dispatcher::dispatch() - CORE/Cake/Routing/Dispatcher.php, line 160
[main] - APP/webroot/index.php, line 109

2018-04-18 10:37:34 Notice: Notice (8): Undefined index: driver_amount in [/var/www/html/pida.com/public_html/app/View/Payments/admin_index.ctp, line 143]
Trace:
include - APP/View/Payments/admin_index.ctp, line 143
View::_evaluate() - CORE/Cake/View/View.php, line 935
View::_render() - CORE/Cake/View/View.php, line 897
View::render() - CORE/Cake/View/View.php, line 466
Controller::render() - CORE/Cake/Controller/Controller.php, line 952
Dispatcher::_invoke() - CORE/Cake/Routing/Dispatcher.php, line 192
Dispatcher::dispatch() - CORE/Cake/Routing/Dispatcher.php, line 160
[main] - APP/webroot/index.php, line 109

2018-04-18 10:37:34 Notice: Notice (8): Undefined index: admin_amount in [/var/www/html/pida.com/public_html/app/View/Payments/admin_index.ctp, line 144]
Trace:
include - APP/View/Payments/admin_index.ctp, line 144
View::_evaluate() - CORE/Cake/View/View.php, line 935
View::_render() - CORE/Cake/View/View.php, line 897
View::render() - CORE/Cake/View/View.php, line 466
Controller::render() - CORE/Cake/Controller/Controller.php, line 952
Dispatcher::_invoke() - CORE/Cake/Routing/Dispatcher.php, line 192
Dispatcher::dispatch() - CORE/Cake/Routing/Dispatcher.php, line 160
[main] - APP/webroot/index.php, line 109

2018-04-18 10:37:34 Notice: Notice (8): Undefined index: admin_percent in [/var/www/html/pida.com/public_html/app/View/Payments/admin_index.ctp, line 145]
Trace:
include - APP/View/Payments/admin_index.ctp, line 145
View::_evaluate() - CORE/Cake/View/View.php, line 935
View::_render() - CORE/Cake/View/View.php, line 897
View::render() - CORE/Cake/View/View.php, line 466
Controller::render() - CORE/Cake/Controller/Controller.php, line 952
Dispatcher::_invoke() - CORE/Cake/Routing/Dispatcher.php, line 192
Dispatcher::dispatch() - CORE/Cake/Routing/Dispatcher.php, line 160
[main] - APP/webroot/index.php, line 109

2018-04-18 10:37:34 Notice: Notice (8): Undefined index: total_miles in [/var/www/html/pida.com/public_html/app/View/Payments/admin_index.ctp, line 146]
Trace:
include - APP/View/Payments/admin_index.ctp, line 146
View::_evaluate() - CORE/Cake/View/View.php, line 935
View::_render() - CORE/Cake/View/View.php, line 897
View::render() - CORE/Cake/View/View.php, line 466
Controller::render() - CORE/Cake/Controller/Controller.php, line 952
Dispatcher::_invoke() - CORE/Cake/Routing/Dispatcher.php, line 192
Dispatcher::dispatch() - CORE/Cake/Routing/Dispatcher.php, line 160
[main] - APP/webroot/index.php, line 109

2018-04-18 10:37:34 Notice: Notice (8): Undefined index: driver_amount in [/var/www/html/pida.com/public_html/app/View/Payments/admin_index.ctp, line 143]
Trace:
include - APP/View/Payments/admin_index.ctp, line 143
View::_evaluate() - CORE/Cake/View/View.php, line 935
View::_render() - CORE/Cake/View/View.php, line 897
View::render() - CORE/Cake/View/View.php, line 466
Controller::render() - CORE/Cake/Controller/Controller.php, line 952
Dispatcher::_invoke() - CORE/Cake/Routing/Dispatcher.php, line 192
Dispatcher::dispatch() - CORE/Cake/Routing/Dispatcher.php, line 160
[main] - APP/webroot/index.php, line 109

2018-04-18 10:37:34 Notice: Notice (8): Undefined index: admin_amount in [/var/www/html/pida.com/public_html/app/View/Payments/admin_index.ctp, line 144]
Trace:
include - APP/View/Payments/admin_index.ctp, line 144
View::_evaluate() - CORE/Cake/View/View.php, line 935
View::_render() - CORE/Cake/View/View.php, line 897
View::render() - CORE/Cake/View/View.php, line 466
Controller::render() - CORE/Cake/Controller/Controller.php, line 952
Dispatcher::_invoke() - CORE/Cake/Routing/Dispatcher.php, line 192
Dispatcher::dispatch() - CORE/Cake/Routing/Dispatcher.php, line 160
[main] - APP/webroot/index.php, line 109

2018-04-18 10:37:34 Notice: Notice (8): Undefined index: admin_percent in [/var/www/html/pida.com/public_html/app/View/Payments/admin_index.ctp, line 145]
Trace:
include - APP/View/Payments/admin_index.ctp, line 145
View::_evaluate() - CORE/Cake/View/View.php, line 935
View::_render() - CORE/Cake/View/View.php, line 897
View::render() - CORE/Cake/View/View.php, line 466
Controller::render() - CORE/Cake/Controller/Controller.php, line 952
Dispatcher::_invoke() - CORE/Cake/Routing/Dispatcher.php, line 192
Dispatcher::dispatch() - CORE/Cake/Routing/Dispatcher.php, line 160
[main] - APP/webroot/index.php, line 109

2018-04-18 10:37:34 Notice: Notice (8): Undefined index: total_miles in [/var/www/html/pida.com/public_html/app/View/Payments/admin_index.ctp, line 146]
Trace:
include - APP/View/Payments/admin_index.ctp, line 146
View::_evaluate() - CORE/Cake/View/View.php, line 935
View::_render() - CORE/Cake/View/View.php, line 897
View::render() - CORE/Cake/View/View.php, line 466
Controller::render() - CORE/Cake/Controller/Controller.php, line 952
Dispatcher::_invoke() - CORE/Cake/Routing/Dispatcher.php, line 192
Dispatcher::dispatch() - CORE/Cake/Routing/Dispatcher.php, line 160
[main] - APP/webroot/index.php, line 109

2018-04-18 10:37:34 Notice: Notice (8): Undefined index: driver_amount in [/var/www/html/pida.com/public_html/app/View/Payments/admin_index.ctp, line 143]
Trace:
include - APP/View/Payments/admin_index.ctp, line 143
View::_evaluate() - CORE/Cake/View/View.php, line 935
View::_render() - CORE/Cake/View/View.php, line 897
View::render() - CORE/Cake/View/View.php, line 466
Controller::render() - CORE/Cake/Controller/Controller.php, line 952
Dispatcher::_invoke() - CORE/Cake/Routing/Dispatcher.php, line 192
Dispatcher::dispatch() - CORE/Cake/Routing/Dispatcher.php, line 160
[main] - APP/webroot/index.php, line 109

2018-04-18 10:37:34 Notice: Notice (8): Undefined index: admin_amount in [/var/www/html/pida.com/public_html/app/View/Payments/admin_index.ctp, line 144]
Trace:
include - APP/View/Payments/admin_index.ctp, line 144
View::_evaluate() - CORE/Cake/View/View.php, line 935
View::_render() - CORE/Cake/View/View.php, line 897
View::render() - CORE/Cake/View/View.php, line 466
Controller::render() - CORE/Cake/Controller/Controller.php, line 952
Dispatcher::_invoke() - CORE/Cake/Routing/Dispatcher.php, line 192
Dispatcher::dispatch() - CORE/Cake/Routing/Dispatcher.php, line 160
[main] - APP/webroot/index.php, line 109

2018-04-18 10:37:34 Notice: Notice (8): Undefined index: admin_percent in [/var/www/html/pida.com/public_html/app/View/Payments/admin_index.ctp, line 145]
Trace:
include - APP/View/Payments/admin_index.ctp, line 145
View::_evaluate() - CORE/Cake/View/View.php, line 935
View::_render() - CORE/Cake/View/View.php, line 897
View::render() - CORE/Cake/View/View.php, line 466
Controller::render() - CORE/Cake/Controller/Controller.php, line 952
Dispatcher::_invoke() - CORE/Cake/Routing/Dispatcher.php, line 192
Dispatcher::dispatch() - CORE/Cake/Routing/Dispatcher.php, line 160
[main] - APP/webroot/index.php, line 109

2018-04-18 10:37:34 Notice: Notice (8): Undefined index: total_miles in [/var/www/html/pida.com/public_html/app/View/Payments/admin_index.ctp, line 146]
Trace:
include - APP/View/Payments/admin_index.ctp, line 146
View::_evaluate() - CORE/Cake/View/View.php, line 935
View::_render() - CORE/Cake/View/View.php, line 897
View::render() - CORE/Cake/View/View.php, line 466
Controller::render() - CORE/Cake/Controller/Controller.php, line 952
Dispatcher::_invoke() - CORE/Cake/Routing/Dispatcher.php, line 192
Dispatcher::dispatch() - CORE/Cake/Routing/Dispatcher.php, line 160
[main] - APP/webroot/index.php, line 109

2018-04-18 10:37:34 Notice: Notice (8): Undefined index: driver_amount in [/var/www/html/pida.com/public_html/app/View/Payments/admin_index.ctp, line 143]
Trace:
include - APP/View/Payments/admin_index.ctp, line 143
View::_evaluate() - CORE/Cake/View/View.php, line 935
View::_render() - CORE/Cake/View/View.php, line 897
View::render() - CORE/Cake/View/View.php, line 466
Controller::render() - CORE/Cake/Controller/Controller.php, line 952
Dispatcher::_invoke() - CORE/Cake/Routing/Dispatcher.php, line 192
Dispatcher::dispatch() - CORE/Cake/Routing/Dispatcher.php, line 160
[main] - APP/webroot/index.php, line 109

2018-04-18 10:37:34 Notice: Notice (8): Undefined index: admin_amount in [/var/www/html/pida.com/public_html/app/View/Payments/admin_index.ctp, line 144]
Trace:
include - APP/View/Payments/admin_index.ctp, line 144
View::_evaluate() - CORE/Cake/View/View.php, line 935
View::_render() - CORE/Cake/View/View.php, line 897
View::render() - CORE/Cake/View/View.php, line 466
Controller::render() - CORE/Cake/Controller/Controller.php, line 952
Dispatcher::_invoke() - CORE/Cake/Routing/Dispatcher.php, line 192
Dispatcher::dispatch() - CORE/Cake/Routing/Dispatcher.php, line 160
[main] - APP/webroot/index.php, line 109

2018-04-18 10:37:34 Notice: Notice (8): Undefined index: admin_percent in [/var/www/html/pida.com/public_html/app/View/Payments/admin_index.ctp, line 145]
Trace:
include - APP/View/Payments/admin_index.ctp, line 145
View::_evaluate() - CORE/Cake/View/View.php, line 935
View::_render() - CORE/Cake/View/View.php, line 897
View::render() - CORE/Cake/View/View.php, line 466
Controller::render() - CORE/Cake/Controller/Controller.php, line 952
Dispatcher::_invoke() - CORE/Cake/Routing/Dispatcher.php, line 192
Dispatcher::dispatch() - CORE/Cake/Routing/Dispatcher.php, line 160
[main] - APP/webroot/index.php, line 109

2018-04-18 10:37:34 Notice: Notice (8): Undefined index: total_miles in [/var/www/html/pida.com/public_html/app/View/Payments/admin_index.ctp, line 146]
Trace:
include - APP/View/Payments/admin_index.ctp, line 146
View::_evaluate() - CORE/Cake/View/View.php, line 935
View::_render() - CORE/Cake/View/View.php, line 897
View::render() - CORE/Cake/View/View.php, line 466
Controller::render() - CORE/Cake/Controller/Controller.php, line 952
Dispatcher::_invoke() - CORE/Cake/Routing/Dispatcher.php, line 192
Dispatcher::dispatch() - CORE/Cake/Routing/Dispatcher.php, line 160
[main] - APP/webroot/index.php, line 109

2018-04-18 10:37:34 Notice: Notice (8): Undefined index: driver_amount in [/var/www/html/pida.com/public_html/app/View/Payments/admin_index.ctp, line 143]
Trace:
include - APP/View/Payments/admin_index.ctp, line 143
View::_evaluate() - CORE/Cake/View/View.php, line 935
View::_render() - CORE/Cake/View/View.php, line 897
View::render() - CORE/Cake/View/View.php, line 466
Controller::render() - CORE/Cake/Controller/Controller.php, line 952
Dispatcher::_invoke() - CORE/Cake/Routing/Dispatcher.php, line 192
Dispatcher::dispatch() - CORE/Cake/Routing/Dispatcher.php, line 160
[main] - APP/webroot/index.php, line 109

2018-04-18 10:37:34 Notice: Notice (8): Undefined index: admin_amount in [/var/www/html/pida.com/public_html/app/View/Payments/admin_index.ctp, line 144]
Trace:
include - APP/View/Payments/admin_index.ctp, line 144
View::_evaluate() - CORE/Cake/View/View.php, line 935
View::_render() - CORE/Cake/View/View.php, line 897
View::render() - CORE/Cake/View/View.php, line 466
Controller::render() - CORE/Cake/Controller/Controller.php, line 952
Dispatcher::_invoke() - CORE/Cake/Routing/Dispatcher.php, line 192
Dispatcher::dispatch() - CORE/Cake/Routing/Dispatcher.php, line 160
[main] - APP/webroot/index.php, line 109

2018-04-18 10:37:34 Notice: Notice (8): Undefined index: admin_percent in [/var/www/html/pida.com/public_html/app/View/Payments/admin_index.ctp, line 145]
Trace:
include - APP/View/Payments/admin_index.ctp, line 145
View::_evaluate() - CORE/Cake/View/View.php, line 935
View::_render() - CORE/Cake/View/View.php, line 897
View::render() - CORE/Cake/View/View.php, line 466
Controller::render() - CORE/Cake/Controller/Controller.php, line 952
Dispatcher::_invoke() - CORE/Cake/Routing/Dispatcher.php, line 192
Dispatcher::dispatch() - CORE/Cake/Routing/Dispatcher.php, line 160
[main] - APP/webroot/index.php, line 109

2018-04-18 10:37:34 Notice: Notice (8): Undefined index: total_miles in [/var/www/html/pida.com/public_html/app/View/Payments/admin_index.ctp, line 146]
Trace:
include - APP/View/Payments/admin_index.ctp, line 146
View::_evaluate() - CORE/Cake/View/View.php, line 935
View::_render() - CORE/Cake/View/View.php, line 897
View::render() - CORE/Cake/View/View.php, line 466
Controller::render() - CORE/Cake/Controller/Controller.php, line 952
Dispatcher::_invoke() - CORE/Cake/Routing/Dispatcher.php, line 192
Dispatcher::dispatch() - CORE/Cake/Routing/Dispatcher.php, line 160
[main] - APP/webroot/index.php, line 109

2018-04-18 10:37:34 Notice: Notice (8): Undefined index: driver_amount in [/var/www/html/pida.com/public_html/app/View/Payments/admin_index.ctp, line 143]
Trace:
include - APP/View/Payments/admin_index.ctp, line 143
View::_evaluate() - CORE/Cake/View/View.php, line 935
View::_render() - CORE/Cake/View/View.php, line 897
View::render() - CORE/Cake/View/View.php, line 466
Controller::render() - CORE/Cake/Controller/Controller.php, line 952
Dispatcher::_invoke() - CORE/Cake/Routing/Dispatcher.php, line 192
Dispatcher::dispatch() - CORE/Cake/Routing/Dispatcher.php, line 160
[main] - APP/webroot/index.php, line 109

2018-04-18 10:37:34 Notice: Notice (8): Undefined index: admin_amount in [/var/www/html/pida.com/public_html/app/View/Payments/admin_index.ctp, line 144]
Trace:
include - APP/View/Payments/admin_index.ctp, line 144
View::_evaluate() - CORE/Cake/View/View.php, line 935
View::_render() - CORE/Cake/View/View.php, line 897
View::render() - CORE/Cake/View/View.php, line 466
Controller::render() - CORE/Cake/Controller/Controller.php, line 952
Dispatcher::_invoke() - CORE/Cake/Routing/Dispatcher.php, line 192
Dispatcher::dispatch() - CORE/Cake/Routing/Dispatcher.php, line 160
[main] - APP/webroot/index.php, line 109

2018-04-18 10:37:34 Notice: Notice (8): Undefined index: admin_percent in [/var/www/html/pida.com/public_html/app/View/Payments/admin_index.ctp, line 145]
Trace:
include - APP/View/Payments/admin_index.ctp, line 145
View::_evaluate() - CORE/Cake/View/View.php, line 935
View::_render() - CORE/Cake/View/View.php, line 897
View::render() - CORE/Cake/View/View.php, line 466
Controller::render() - CORE/Cake/Controller/Controller.php, line 952
Dispatcher::_invoke() - CORE/Cake/Routing/Dispatcher.php, line 192
Dispatcher::dispatch() - CORE/Cake/Routing/Dispatcher.php, line 160
[main] - APP/webroot/index.php, line 109

2018-04-18 10:37:34 Notice: Notice (8): Undefined index: total_miles in [/var/www/html/pida.com/public_html/app/View/Payments/admin_index.ctp, line 146]
Trace:
include - APP/View/Payments/admin_index.ctp, line 146
View::_evaluate() - CORE/Cake/View/View.php, line 935
View::_render() - CORE/Cake/View/View.php, line 897
View::render() - CORE/Cake/View/View.php, line 466
Controller::render() - CORE/Cake/Controller/Controller.php, line 952
Dispatcher::_invoke() - CORE/Cake/Routing/Dispatcher.php, line 192
Dispatcher::dispatch() - CORE/Cake/Routing/Dispatcher.php, line 160
[main] - APP/webroot/index.php, line 109

2018-04-18 10:37:34 Notice: Notice (8): Undefined index: driver_amount in [/var/www/html/pida.com/public_html/app/View/Payments/admin_index.ctp, line 143]
Trace:
include - APP/View/Payments/admin_index.ctp, line 143
View::_evaluate() - CORE/Cake/View/View.php, line 935
View::_render() - CORE/Cake/View/View.php, line 897
View::render() - CORE/Cake/View/View.php, line 466
Controller::render() - CORE/Cake/Controller/Controller.php, line 952
Dispatcher::_invoke() - CORE/Cake/Routing/Dispatcher.php, line 192
Dispatcher::dispatch() - CORE/Cake/Routing/Dispatcher.php, line 160
[main] - APP/webroot/index.php, line 109

2018-04-18 10:37:34 Notice: Notice (8): Undefined index: admin_amount in [/var/www/html/pida.com/public_html/app/View/Payments/admin_index.ctp, line 144]
Trace:
include - APP/View/Payments/admin_index.ctp, line 144
View::_evaluate() - CORE/Cake/View/View.php, line 935
View::_render() - CORE/Cake/View/View.php, line 897
View::render() - CORE/Cake/View/View.php, line 466
Controller::render() - CORE/Cake/Controller/Controller.php, line 952
Dispatcher::_invoke() - CORE/Cake/Routing/Dispatcher.php, line 192
Dispatcher::dispatch() - CORE/Cake/Routing/Dispatcher.php, line 160
[main] - APP/webroot/index.php, line 109

2018-04-18 10:37:34 Notice: Notice (8): Undefined index: admin_percent in [/var/www/html/pida.com/public_html/app/View/Payments/admin_index.ctp, line 145]
Trace:
include - APP/View/Payments/admin_index.ctp, line 145
View::_evaluate() - CORE/Cake/View/View.php, line 935
View::_render() - CORE/Cake/View/View.php, line 897
View::render() - CORE/Cake/View/View.php, line 466
Controller::render() - CORE/Cake/Controller/Controller.php, line 952
Dispatcher::_invoke() - CORE/Cake/Routing/Dispatcher.php, line 192
Dispatcher::dispatch() - CORE/Cake/Routing/Dispatcher.php, line 160
[main] - APP/webroot/index.php, line 109

2018-04-18 10:37:34 Notice: Notice (8): Undefined index: total_miles in [/var/www/html/pida.com/public_html/app/View/Payments/admin_index.ctp, line 146]
Trace:
include - APP/View/Payments/admin_index.ctp, line 146
View::_evaluate() - CORE/Cake/View/View.php, line 935
View::_render() - CORE/Cake/View/View.php, line 897
View::render() - CORE/Cake/View/View.php, line 466
Controller::render() - CORE/Cake/Controller/Controller.php, line 952
Dispatcher::_invoke() - CORE/Cake/Routing/Dispatcher.php, line 192
Dispatcher::dispatch() - CORE/Cake/Routing/Dispatcher.php, line 160
[main] - APP/webroot/index.php, line 109

2018-04-18 10:37:34 Notice: Notice (8): Undefined index: driver_amount in [/var/www/html/pida.com/public_html/app/View/Payments/admin_index.ctp, line 143]
Trace:
include - APP/View/Payments/admin_index.ctp, line 143
View::_evaluate() - CORE/Cake/View/View.php, line 935
View::_render() - CORE/Cake/View/View.php, line 897
View::render() - CORE/Cake/View/View.php, line 466
Controller::render() - CORE/Cake/Controller/Controller.php, line 952
Dispatcher::_invoke() - CORE/Cake/Routing/Dispatcher.php, line 192
Dispatcher::dispatch() - CORE/Cake/Routing/Dispatcher.php, line 160
[main] - APP/webroot/index.php, line 109

2018-04-18 10:37:34 Notice: Notice (8): Undefined index: admin_amount in [/var/www/html/pida.com/public_html/app/View/Payments/admin_index.ctp, line 144]
Trace:
include - APP/View/Payments/admin_index.ctp, line 144
View::_evaluate() - CORE/Cake/View/View.php, line 935
View::_render() - CORE/Cake/View/View.php, line 897
View::render() - CORE/Cake/View/View.php, line 466
Controller::render() - CORE/Cake/Controller/Controller.php, line 952
Dispatcher::_invoke() - CORE/Cake/Routing/Dispatcher.php, line 192
Dispatcher::dispatch() - CORE/Cake/Routing/Dispatcher.php, line 160
[main] - APP/webroot/index.php, line 109

2018-04-18 10:37:34 Notice: Notice (8): Undefined index: admin_percent in [/var/www/html/pida.com/public_html/app/View/Payments/admin_index.ctp, line 145]
Trace:
include - APP/View/Payments/admin_index.ctp, line 145
View::_evaluate() - CORE/Cake/View/View.php, line 935
View::_render() - CORE/Cake/View/View.php, line 897
View::render() - CORE/Cake/View/View.php, line 466
Controller::render() - CORE/Cake/Controller/Controller.php, line 952
Dispatcher::_invoke() - CORE/Cake/Routing/Dispatcher.php, line 192
Dispatcher::dispatch() - CORE/Cake/Routing/Dispatcher.php, line 160
[main] - APP/webroot/index.php, line 109

2018-04-18 10:37:34 Notice: Notice (8): Undefined index: total_miles in [/var/www/html/pida.com/public_html/app/View/Payments/admin_index.ctp, line 146]
Trace:
include - APP/View/Payments/admin_index.ctp, line 146
View::_evaluate() - CORE/Cake/View/View.php, line 935
View::_render() - CORE/Cake/View/View.php, line 897
View::render() - CORE/Cake/View/View.php, line 466
Controller::render() - CORE/Cake/Controller/Controller.php, line 952
Dispatcher::_invoke() - CORE/Cake/Routing/Dispatcher.php, line 192
Dispatcher::dispatch() - CORE/Cake/Routing/Dispatcher.php, line 160
[main] - APP/webroot/index.php, line 109

2018-04-18 10:37:34 Notice: Notice (8): Undefined index: driver_amount in [/var/www/html/pida.com/public_html/app/View/Payments/admin_index.ctp, line 143]
Trace:
include - APP/View/Payments/admin_index.ctp, line 143
View::_evaluate() - CORE/Cake/View/View.php, line 935
View::_render() - CORE/Cake/View/View.php, line 897
View::render() - CORE/Cake/View/View.php, line 466
Controller::render() - CORE/Cake/Controller/Controller.php, line 952
Dispatcher::_invoke() - CORE/Cake/Routing/Dispatcher.php, line 192
Dispatcher::dispatch() - CORE/Cake/Routing/Dispatcher.php, line 160
[main] - APP/webroot/index.php, line 109

2018-04-18 10:37:34 Notice: Notice (8): Undefined index: admin_amount in [/var/www/html/pida.com/public_html/app/View/Payments/admin_index.ctp, line 144]
Trace:
include - APP/View/Payments/admin_index.ctp, line 144
View::_evaluate() - CORE/Cake/View/View.php, line 935
View::_render() - CORE/Cake/View/View.php, line 897
View::render() - CORE/Cake/View/View.php, line 466
Controller::render() - CORE/Cake/Controller/Controller.php, line 952
Dispatcher::_invoke() - CORE/Cake/Routing/Dispatcher.php, line 192
Dispatcher::dispatch() - CORE/Cake/Routing/Dispatcher.php, line 160
[main] - APP/webroot/index.php, line 109

2018-04-18 10:37:34 Notice: Notice (8): Undefined index: admin_percent in [/var/www/html/pida.com/public_html/app/View/Payments/admin_index.ctp, line 145]
Trace:
include - APP/View/Payments/admin_index.ctp, line 145
View::_evaluate() - CORE/Cake/View/View.php, line 935
View::_render() - CORE/Cake/View/View.php, line 897
View::render() - CORE/Cake/View/View.php, line 466
Controller::render() - CORE/Cake/Controller/Controller.php, line 952
Dispatcher::_invoke() - CORE/Cake/Routing/Dispatcher.php, line 192
Dispatcher::dispatch() - CORE/Cake/Routing/Dispatcher.php, line 160
[main] - APP/webroot/index.php, line 109

2018-04-18 10:37:34 Notice: Notice (8): Undefined index: total_miles in [/var/www/html/pida.com/public_html/app/View/Payments/admin_index.ctp, line 146]
Trace:
include - APP/View/Payments/admin_index.ctp, line 146
View::_evaluate() - CORE/Cake/View/View.php, line 935
View::_render() - CORE/Cake/View/View.php, line 897
View::render() - CORE/Cake/View/View.php, line 466
Controller::render() - CORE/Cake/Controller/Controller.php, line 952
Dispatcher::_invoke() - CORE/Cake/Routing/Dispatcher.php, line 192
Dispatcher::dispatch() - CORE/Cake/Routing/Dispatcher.php, line 160
[main] - APP/webroot/index.php, line 109

2018-04-18 10:37:34 Notice: Notice (8): Undefined index: driver_amount in [/var/www/html/pida.com/public_html/app/View/Payments/admin_index.ctp, line 143]
Trace:
include - APP/View/Payments/admin_index.ctp, line 143
View::_evaluate() - CORE/Cake/View/View.php, line 935
View::_render() - CORE/Cake/View/View.php, line 897
View::render() - CORE/Cake/View/View.php, line 466
Controller::render() - CORE/Cake/Controller/Controller.php, line 952
Dispatcher::_invoke() - CORE/Cake/Routing/Dispatcher.php, line 192
Dispatcher::dispatch() - CORE/Cake/Routing/Dispatcher.php, line 160
[main] - APP/webroot/index.php, line 109

2018-04-18 10:37:34 Notice: Notice (8): Undefined index: admin_amount in [/var/www/html/pida.com/public_html/app/View/Payments/admin_index.ctp, line 144]
Trace:
include - APP/View/Payments/admin_index.ctp, line 144
View::_evaluate() - CORE/Cake/View/View.php, line 935
View::_render() - CORE/Cake/View/View.php, line 897
View::render() - CORE/Cake/View/View.php, line 466
Controller::render() - CORE/Cake/Controller/Controller.php, line 952
Dispatcher::_invoke() - CORE/Cake/Routing/Dispatcher.php, line 192
Dispatcher::dispatch() - CORE/Cake/Routing/Dispatcher.php, line 160
[main] - APP/webroot/index.php, line 109

2018-04-18 10:37:34 Notice: Notice (8): Undefined index: admin_percent in [/var/www/html/pida.com/public_html/app/View/Payments/admin_index.ctp, line 145]
Trace:
include - APP/View/Payments/admin_index.ctp, line 145
View::_evaluate() - CORE/Cake/View/View.php, line 935
View::_render() - CORE/Cake/View/View.php, line 897
View::render() - CORE/Cake/View/View.php, line 466
Controller::render() - CORE/Cake/Controller/Controller.php, line 952
Dispatcher::_invoke() - CORE/Cake/Routing/Dispatcher.php, line 192
Dispatcher::dispatch() - CORE/Cake/Routing/Dispatcher.php, line 160
[main] - APP/webroot/index.php, line 109

2018-04-18 10:37:34 Notice: Notice (8): Undefined index: total_miles in [/var/www/html/pida.com/public_html/app/View/Payments/admin_index.ctp, line 146]
Trace:
include - APP/View/Payments/admin_index.ctp, line 146
View::_evaluate() - CORE/Cake/View/View.php, line 935
View::_render() - CORE/Cake/View/View.php, line 897
View::render() - CORE/Cake/View/View.php, line 466
Controller::render() - CORE/Cake/Controller/Controller.php, line 952
Dispatcher::_invoke() - CORE/Cake/Routing/Dispatcher.php, line 192
Dispatcher::dispatch() - CORE/Cake/Routing/Dispatcher.php, line 160
[main] - APP/webroot/index.php, line 109

2018-04-18 10:37:34 Notice: Notice (8): Undefined index: driver_amount in [/var/www/html/pida.com/public_html/app/View/Payments/admin_index.ctp, line 143]
Trace:
include - APP/View/Payments/admin_index.ctp, line 143
View::_evaluate() - CORE/Cake/View/View.php, line 935
View::_render() - CORE/Cake/View/View.php, line 897
View::render() - CORE/Cake/View/View.php, line 466
Controller::render() - CORE/Cake/Controller/Controller.php, line 952
Dispatcher::_invoke() - CORE/Cake/Routing/Dispatcher.php, line 192
Dispatcher::dispatch() - CORE/Cake/Routing/Dispatcher.php, line 160
[main] - APP/webroot/index.php, line 109

2018-04-18 10:37:34 Notice: Notice (8): Undefined index: admin_amount in [/var/www/html/pida.com/public_html/app/View/Payments/admin_index.ctp, line 144]
Trace:
include - APP/View/Payments/admin_index.ctp, line 144
View::_evaluate() - CORE/Cake/View/View.php, line 935
View::_render() - CORE/Cake/View/View.php, line 897
View::render() - CORE/Cake/View/View.php, line 466
Controller::render() - CORE/Cake/Controller/Controller.php, line 952
Dispatcher::_invoke() - CORE/Cake/Routing/Dispatcher.php, line 192
Dispatcher::dispatch() - CORE/Cake/Routing/Dispatcher.php, line 160
[main] - APP/webroot/index.php, line 109

2018-04-18 10:37:34 Notice: Notice (8): Undefined index: admin_percent in [/var/www/html/pida.com/public_html/app/View/Payments/admin_index.ctp, line 145]
Trace:
include - APP/View/Payments/admin_index.ctp, line 145
View::_evaluate() - CORE/Cake/View/View.php, line 935
View::_render() - CORE/Cake/View/View.php, line 897
View::render() - CORE/Cake/View/View.php, line 466
Controller::render() - CORE/Cake/Controller/Controller.php, line 952
Dispatcher::_invoke() - CORE/Cake/Routing/Dispatcher.php, line 192
Dispatcher::dispatch() - CORE/Cake/Routing/Dispatcher.php, line 160
[main] - APP/webroot/index.php, line 109

2018-04-18 10:37:34 Notice: Notice (8): Undefined index: total_miles in [/var/www/html/pida.com/public_html/app/View/Payments/admin_index.ctp, line 146]
Trace:
include - APP/View/Payments/admin_index.ctp, line 146
View::_evaluate() - CORE/Cake/View/View.php, line 935
View::_render() - CORE/Cake/View/View.php, line 897
View::render() - CORE/Cake/View/View.php, line 466
Controller::render() - CORE/Cake/Controller/Controller.php, line 952
Dispatcher::_invoke() - CORE/Cake/Routing/Dispatcher.php, line 192
Dispatcher::dispatch() - CORE/Cake/Routing/Dispatcher.php, line 160
[main] - APP/webroot/index.php, line 109

2018-04-18 10:37:34 Notice: Notice (8): Undefined index: driver_amount in [/var/www/html/pida.com/public_html/app/View/Payments/admin_index.ctp, line 143]
Trace:
include - APP/View/Payments/admin_index.ctp, line 143
View::_evaluate() - CORE/Cake/View/View.php, line 935
View::_render() - CORE/Cake/View/View.php, line 897
View::render() - CORE/Cake/View/View.php, line 466
Controller::render() - CORE/Cake/Controller/Controller.php, line 952
Dispatcher::_invoke() - CORE/Cake/Routing/Dispatcher.php, line 192
Dispatcher::dispatch() - CORE/Cake/Routing/Dispatcher.php, line 160
[main] - APP/webroot/index.php, line 109

2018-04-18 10:37:34 Notice: Notice (8): Undefined index: admin_amount in [/var/www/html/pida.com/public_html/app/View/Payments/admin_index.ctp, line 144]
Trace:
include - APP/View/Payments/admin_index.ctp, line 144
View::_evaluate() - CORE/Cake/View/View.php, line 935
View::_render() - CORE/Cake/View/View.php, line 897
View::render() - CORE/Cake/View/View.php, line 466
Controller::render() - CORE/Cake/Controller/Controller.php, line 952
Dispatcher::_invoke() - CORE/Cake/Routing/Dispatcher.php, line 192
Dispatcher::dispatch() - CORE/Cake/Routing/Dispatcher.php, line 160
[main] - APP/webroot/index.php, line 109

2018-04-18 10:37:34 Notice: Notice (8): Undefined index: admin_percent in [/var/www/html/pida.com/public_html/app/View/Payments/admin_index.ctp, line 145]
Trace:
include - APP/View/Payments/admin_index.ctp, line 145
View::_evaluate() - CORE/Cake/View/View.php, line 935
View::_render() - CORE/Cake/View/View.php, line 897
View::render() - CORE/Cake/View/View.php, line 466
Controller::render() - CORE/Cake/Controller/Controller.php, line 952
Dispatcher::_invoke() - CORE/Cake/Routing/Dispatcher.php, line 192
Dispatcher::dispatch() - CORE/Cake/Routing/Dispatcher.php, line 160
[main] - APP/webroot/index.php, line 109

2018-04-18 10:37:34 Notice: Notice (8): Undefined index: total_miles in [/var/www/html/pida.com/public_html/app/View/Payments/admin_index.ctp, line 146]
Trace:
include - APP/View/Payments/admin_index.ctp, line 146
View::_evaluate() - CORE/Cake/View/View.php, line 935
View::_render() - CORE/Cake/View/View.php, line 897
View::render() - CORE/Cake/View/View.php, line 466
Controller::render() - CORE/Cake/Controller/Controller.php, line 952
Dispatcher::_invoke() - CORE/Cake/Routing/Dispatcher.php, line 192
Dispatcher::dispatch() - CORE/Cake/Routing/Dispatcher.php, line 160
[main] - APP/webroot/index.php, line 109

2018-04-18 10:37:34 Notice: Notice (8): Undefined index: driver_amount in [/var/www/html/pida.com/public_html/app/View/Payments/admin_index.ctp, line 143]
Trace:
include - APP/View/Payments/admin_index.ctp, line 143
View::_evaluate() - CORE/Cake/View/View.php, line 935
View::_render() - CORE/Cake/View/View.php, line 897
View::render() - CORE/Cake/View/View.php, line 466
Controller::render() - CORE/Cake/Controller/Controller.php, line 952
Dispatcher::_invoke() - CORE/Cake/Routing/Dispatcher.php, line 192
Dispatcher::dispatch() - CORE/Cake/Routing/Dispatcher.php, line 160
[main] - APP/webroot/index.php, line 109

2018-04-18 10:37:34 Notice: Notice (8): Undefined index: admin_amount in [/var/www/html/pida.com/public_html/app/View/Payments/admin_index.ctp, line 144]
Trace:
include - APP/View/Payments/admin_index.ctp, line 144
View::_evaluate() - CORE/Cake/View/View.php, line 935
View::_render() - CORE/Cake/View/View.php, line 897
View::render() - CORE/Cake/View/View.php, line 466
Controller::render() - CORE/Cake/Controller/Controller.php, line 952
Dispatcher::_invoke() - CORE/Cake/Routing/Dispatcher.php, line 192
Dispatcher::dispatch() - CORE/Cake/Routing/Dispatcher.php, line 160
[main] - APP/webroot/index.php, line 109

2018-04-18 10:37:34 Notice: Notice (8): Undefined index: admin_percent in [/var/www/html/pida.com/public_html/app/View/Payments/admin_index.ctp, line 145]
Trace:
include - APP/View/Payments/admin_index.ctp, line 145
View::_evaluate() - CORE/Cake/View/View.php, line 935
View::_render() - CORE/Cake/View/View.php, line 897
View::render() - CORE/Cake/View/View.php, line 466
Controller::render() - CORE/Cake/Controller/Controller.php, line 952
Dispatcher::_invoke() - CORE/Cake/Routing/Dispatcher.php, line 192
Dispatcher::dispatch() - CORE/Cake/Routing/Dispatcher.php, line 160
[main] - APP/webroot/index.php, line 109

2018-04-18 10:37:34 Notice: Notice (8): Undefined index: total_miles in [/var/www/html/pida.com/public_html/app/View/Payments/admin_index.ctp, line 146]
Trace:
include - APP/View/Payments/admin_index.ctp, line 146
View::_evaluate() - CORE/Cake/View/View.php, line 935
View::_render() - CORE/Cake/View/View.php, line 897
View::render() - CORE/Cake/View/View.php, line 466
Controller::render() - CORE/Cake/Controller/Controller.php, line 952
Dispatcher::_invoke() - CORE/Cake/Routing/Dispatcher.php, line 192
Dispatcher::dispatch() - CORE/Cake/Routing/Dispatcher.php, line 160
[main] - APP/webroot/index.php, line 109

2018-04-18 10:37:34 Notice: Notice (8): Undefined index: driver_amount in [/var/www/html/pida.com/public_html/app/View/Payments/admin_index.ctp, line 143]
Trace:
include - APP/View/Payments/admin_index.ctp, line 143
View::_evaluate() - CORE/Cake/View/View.php, line 935
View::_render() - CORE/Cake/View/View.php, line 897
View::render() - CORE/Cake/View/View.php, line 466
Controller::render() - CORE/Cake/Controller/Controller.php, line 952
Dispatcher::_invoke() - CORE/Cake/Routing/Dispatcher.php, line 192
Dispatcher::dispatch() - CORE/Cake/Routing/Dispatcher.php, line 160
[main] - APP/webroot/index.php, line 109

2018-04-18 10:37:34 Notice: Notice (8): Undefined index: admin_amount in [/var/www/html/pida.com/public_html/app/View/Payments/admin_index.ctp, line 144]
Trace:
include - APP/View/Payments/admin_index.ctp, line 144
View::_evaluate() - CORE/Cake/View/View.php, line 935
View::_render() - CORE/Cake/View/View.php, line 897
View::render() - CORE/Cake/View/View.php, line 466
Controller::render() - CORE/Cake/Controller/Controller.php, line 952
Dispatcher::_invoke() - CORE/Cake/Routing/Dispatcher.php, line 192
Dispatcher::dispatch() - CORE/Cake/Routing/Dispatcher.php, line 160
[main] - APP/webroot/index.php, line 109

2018-04-18 10:37:34 Notice: Notice (8): Undefined index: admin_percent in [/var/www/html/pida.com/public_html/app/View/Payments/admin_index.ctp, line 145]
Trace:
include - APP/View/Payments/admin_index.ctp, line 145
View::_evaluate() - CORE/Cake/View/View.php, line 935
View::_render() - CORE/Cake/View/View.php, line 897
View::render() - CORE/Cake/View/View.php, line 466
Controller::render() - CORE/Cake/Controller/Controller.php, line 952
Dispatcher::_invoke() - CORE/Cake/Routing/Dispatcher.php, line 192
Dispatcher::dispatch() - CORE/Cake/Routing/Dispatcher.php, line 160
[main] - APP/webroot/index.php, line 109

2018-04-18 10:37:34 Notice: Notice (8): Undefined index: total_miles in [/var/www/html/pida.com/public_html/app/View/Payments/admin_index.ctp, line 146]
Trace:
include - APP/View/Payments/admin_index.ctp, line 146
View::_evaluate() - CORE/Cake/View/View.php, line 935
View::_render() - CORE/Cake/View/View.php, line 897
View::render() - CORE/Cake/View/View.php, line 466
Controller::render() - CORE/Cake/Controller/Controller.php, line 952
Dispatcher::_invoke() - CORE/Cake/Routing/Dispatcher.php, line 192
Dispatcher::dispatch() - CORE/Cake/Routing/Dispatcher.php, line 160
[main] - APP/webroot/index.php, line 109

2018-04-30 12:32:15 Notice: Notice (8): Undefined index: DriverDetail in [/var/www/html/pida.com/public_html/app/Controller/DriversController.php, line 291]
Trace:
DriversController::admin_add_edit() - APP/Controller/DriversController.php, line 291
ReflectionMethod::invokeArgs() - [internal], line ??
Controller::invokeAction() - CORE/Cake/Controller/Controller.php, line 490
Dispatcher::_invoke() - CORE/Cake/Routing/Dispatcher.php, line 185
Dispatcher::dispatch() - CORE/Cake/Routing/Dispatcher.php, line 160
[main] - APP/webroot/index.php, line 109

2018-04-30 12:32:22 Notice: Notice (8): Undefined index: DriverDetail in [/var/www/html/pida.com/public_html/app/Controller/DriversController.php, line 291]
Trace:
DriversController::admin_add_edit() - APP/Controller/DriversController.php, line 291
ReflectionMethod::invokeArgs() - [internal], line ??
Controller::invokeAction() - CORE/Cake/Controller/Controller.php, line 490
Dispatcher::_invoke() - CORE/Cake/Routing/Dispatcher.php, line 185
Dispatcher::dispatch() - CORE/Cake/Routing/Dispatcher.php, line 160
[main] - APP/webroot/index.php, line 109

2018-04-30 12:32:31 Notice: Notice (8): Undefined index: DriverDetail in [/var/www/html/pida.com/public_html/app/Controller/DriversController.php, line 291]
Trace:
DriversController::admin_add_edit() - APP/Controller/DriversController.php, line 291
ReflectionMethod::invokeArgs() - [internal], line ??
Controller::invokeAction() - CORE/Cake/Controller/Controller.php, line 490
Dispatcher::_invoke() - CORE/Cake/Routing/Dispatcher.php, line 185
Dispatcher::dispatch() - CORE/Cake/Routing/Dispatcher.php, line 160
[main] - APP/webroot/index.php, line 109

2018-05-11 14:17:15 Notice: Notice (8): Undefined index: type in [/var/www/html/pida.com/public_html/app/Controller/HomeController.php, line 647]
Trace:
HomeController::contact_us() - APP/Controller/HomeController.php, line 647
ReflectionMethod::invokeArgs() - [internal], line ??
Controller::invokeAction() - CORE/Cake/Controller/Controller.php, line 490
Dispatcher::_invoke() - CORE/Cake/Routing/Dispatcher.php, line 185
Dispatcher::dispatch() - CORE/Cake/Routing/Dispatcher.php, line 160
[main] - APP/webroot/index.php, line 109

2018-05-22 14:03:06 Notice: Notice (8): Undefined index: type in [/var/www/html/pida.com/public_html/app/Controller/HomeController.php, line 647]
Trace:
HomeController::contact_us() - APP/Controller/HomeController.php, line 647
ReflectionMethod::invokeArgs() - [internal], line ??
Controller::invokeAction() - CORE/Cake/Controller/Controller.php, line 490
Dispatcher::_invoke() - CORE/Cake/Routing/Dispatcher.php, line 185
Dispatcher::dispatch() - CORE/Cake/Routing/Dispatcher.php, line 160
[main] - APP/webroot/index.php, line 109

2018-05-22 15:38:32 Notice: Notice (8): Undefined index: DriverDetail in [/var/www/html/pida.com/public_html/app/Controller/DriversController.php, line 291]
Trace:
DriversController::admin_add_edit() - APP/Controller/DriversController.php, line 291
ReflectionMethod::invokeArgs() - [internal], line ??
Controller::invokeAction() - CORE/Cake/Controller/Controller.php, line 490
Dispatcher::_invoke() - CORE/Cake/Routing/Dispatcher.php, line 185
Dispatcher::dispatch() - CORE/Cake/Routing/Dispatcher.php, line 160
[main] - APP/webroot/index.php, line 109

2018-05-26 17:40:43 Notice: Notice (8): Undefined index: dob in [/var/www/html/pida.com/public_html/app/Controller/HomeController.php, line 309]
Trace:
HomeController::dashboard() - APP/Controller/HomeController.php, line 309
ReflectionMethod::invokeArgs() - [internal], line ??
Controller::invokeAction() - CORE/Cake/Controller/Controller.php, line 490
Dispatcher::_invoke() - CORE/Cake/Routing/Dispatcher.php, line 185
Dispatcher::dispatch() - CORE/Cake/Routing/Dispatcher.php, line 160
[main] - APP/webroot/index.php, line 109

2018-05-26 17:41:43 Notice: Notice (8): Undefined index: dob in [/var/www/html/pida.com/public_html/app/Controller/HomeController.php, line 309]
Trace:
HomeController::dashboard() - APP/Controller/HomeController.php, line 309
ReflectionMethod::invokeArgs() - [internal], line ??
Controller::invokeAction() - CORE/Cake/Controller/Controller.php, line 490
Dispatcher::_invoke() - CORE/Cake/Routing/Dispatcher.php, line 185
Dispatcher::dispatch() - CORE/Cake/Routing/Dispatcher.php, line 160
[main] - APP/webroot/index.php, line 109

2018-06-26 18:25:24 Notice: Notice (8): Undefined index: type in [/var/www/html/pida.com/public_html/app/Controller/HomeController.php, line 647]
Trace:
HomeController::contact_us() - APP/Controller/HomeController.php, line 647
ReflectionMethod::invokeArgs() - [internal], line ??
Controller::invokeAction() - CORE/Cake/Controller/Controller.php, line 490
Dispatcher::_invoke() - CORE/Cake/Routing/Dispatcher.php, line 185
Dispatcher::dispatch() - CORE/Cake/Routing/Dispatcher.php, line 160
[main] - APP/webroot/index.php, line 109

2018-07-08 04:20:33 Notice: Notice (8): Undefined index: type in [/var/www/html/pida.com/public_html/app/Controller/HomeController.php, line 647]
Trace:
HomeController::contact_us() - APP/Controller/HomeController.php, line 647
ReflectionMethod::invokeArgs() - [internal], line ??
Controller::invokeAction() - CORE/Cake/Controller/Controller.php, line 490
Dispatcher::_invoke() - CORE/Cake/Routing/Dispatcher.php, line 185
Dispatcher::dispatch() - CORE/Cake/Routing/Dispatcher.php, line 160
[main] - APP/webroot/index.php, line 109

